

=== INICIANDO GERAÇÃO DE ASSEMBLY ===

--- Passagem 1A: Coletando definições de funções ---
[Passagem 1A] Função encontrada: 'gcd'
[ALLOC_INIT] Inicializando alocador para a função 'gcd'
[ALLOC_INIT] Pool de registradores definido: ['r4', 'r5', 'r6', 'r7', 'r8', 'r9', 'r10', 'r11', 'r12', 'r13', 'r14', 'r15', 'r16', 'r17', 'r18', 'r19', 'r20', 'r21', 'r22', 'r23', 'r24', 'r25', 'r26']
[ALLOC_INIT] Registrador de spill reservado: r30
[ALLOC_INIT] Estado inicial: 23 registradores livres.
[FUNC_CTX] Contexto para a função 'gcd' criado.
[Passagem 1A] Função encontrada: 'main'
[ALLOC_INIT] Inicializando alocador para a função 'main'
[ALLOC_INIT] Pool de registradores definido: ['r4', 'r5', 'r6', 'r7', 'r8', 'r9', 'r10', 'r11', 'r12', 'r13', 'r14', 'r15', 'r16', 'r17', 'r18', 'r19', 'r20', 'r21', 'r22', 'r23', 'r24', 'r25', 'r26']
[ALLOC_INIT] Registrador de spill reservado: r30
[ALLOC_INIT] Estado inicial: 23 registradores livres.
[FUNC_CTX] Contexto para a função 'main' criado.

--- Passagem 1B: Construindo a Tabela de Símbolos Globais ---
--- Fim da Passagem 1: 0 símbolos globais encontrados. ---

--- Passagem 2: Traduzindo o IR para cada função ---

[Processando Função] -> 'gcd'
-> IR isolado para 'gcd' contém 15 instruções.
[DEBUG] Função 'gcd': all_vars=['u', 'v'], defined_vars=set(), params=['u', 'v']
--> Parâmetros para 'gcd': ['u', 'v']
--> Variáveis Locais para 'gcd': []
--> Criando o layout da pilha para 'gcd'...
    -> Parâmetro rápido 'u' em [fp, #-1]
    -> Parâmetro rápido 'v' em [fp, #-2]
--> Tamanho total do frame para 'gcd': 7 palavras.
[ADD_INSTR] Adicionando instrução para 'gcd': subi: r30 = r31, 1
[ADD_INSTR] Adicionando instrução para 'gcd': store: [r30] = r1
[ADD_INSTR] Adicionando instrução para 'gcd': subi: r30 = r31, 2
[ADD_INSTR] Adicionando instrução para 'gcd': store: [r30] = r2

--- [TRANSLATE] Processando IR: param u ---
[TRANSLATE] -> Declaração formal de parâmetro ignorada no assembly: u

--- [TRANSLATE] Processando IR: param v ---
[TRANSLATE] -> Declaração formal de parâmetro ignorada no assembly: v

--- [TRANSLATE] Processando IR: t0 := v == 0 ---
[TRANSLATE] -> Detalhes: Destino='t0', Expressão='v == 0'
[TRANSLATE] -> Caminho: Comparação (condicional)
[ENSURE] Tentando garantir 'v' em um registrador.
[ENSURE] -> 'v' é uma variável da pilha. Carregando...
[GET_FREE] -> Encontrado registrador livre: r4. Restantes: 22.
[ADD_INSTR] Adicionando instrução para 'gcd': subi: r30 = r31, 2
[ADD_INSTR] Adicionando instrução para 'gcd': load: r4 = [r30]
[ASSIGN_REG] Mapeando 'v' para r4.
[ENSURE] Tentando garantir '0' em um registrador.
[GET_FREE] -> Encontrado registrador livre: r5. Restantes: 21.
[ENSURE] -> Alocando r5 para a constante '0'.
[ADD_INSTR] Adicionando instrução para 'gcd': movi: r5 = 0
[ADD_INSTR] Adicionando instrução para 'gcd': subs: r0 = r4, r5

--- [TRANSLATE] Processando IR: if_false t0 goto L0 ---
[TRANSLATE] -> Caminho: Desvio Condicional (if_false)
[ADD_INSTR] Adicionando instrução para 'gcd': bineq: L0

--- [TRANSLATE] Processando IR: return u ---
[TRANSLATE] -> Caminho: Retorno de Função
[ENSURE] Tentando garantir 'u' em um registrador.
[ENSURE] -> 'u' é uma variável da pilha. Carregando...
[GET_FREE] -> Encontrado registrador livre: r6. Restantes: 20.
[ADD_INSTR] Adicionando instrução para 'gcd': subi: r30 = r31, 1
[ADD_INSTR] Adicionando instrução para 'gcd': load: r6 = [r30]
[ASSIGN_REG] Mapeando 'u' para r6.
[ADD_INSTR] Adicionando instrução para 'gcd': mov: r0 = r6
[SPILL_ALL] Verificando registradores sujos para salvar. Sujos: set()
[TRANSLATE] -> Pular para a seção de epílogo.
[ADD_INSTR] Adicionando instrução para 'gcd': bi: gcd_epilogue

--- [TRANSLATE] Processando IR: L0: ---
[TRANSLATE] -> Rótulo detectado: L0:
[SPILL_ALL] Verificando registradores sujos para salvar. Sujos: set()
[UNASSIGN_REG] Desmapeado r4 de 'v'.
[UNASSIGN_REG] -> Estado atual: 21 registradores livres. Mapeamentos: {'u': 'r6'}
[UNASSIGN_REG] Desmapeado r6 de 'u'.
[UNASSIGN_REG] -> Estado atual: 22 registradores livres. Mapeamentos: {}
[ADD_INSTR] Adicionando instrução para 'gcd': L0:

--- [TRANSLATE] Processando IR: arg v ---
[TRANSLATE] -> Caminho: Enfileirando argumento 1

--- [TRANSLATE] Processando IR: t1 := u / v ---
[TRANSLATE] -> Detalhes: Destino='t1', Expressão='u / v'
[TRANSLATE] -> Caminho: Operação Aritmética
[ENSURE] Tentando garantir 'u' em um registrador.
[ENSURE] -> 'u' é uma variável da pilha. Carregando...
[GET_FREE] -> Encontrado registrador livre: r7. Restantes: 21.
[ADD_INSTR] Adicionando instrução para 'gcd': subi: r30 = r31, 1
[ADD_INSTR] Adicionando instrução para 'gcd': load: r7 = [r30]
[ASSIGN_REG] Mapeando 'u' para r7.
[ENSURE] Tentando garantir 'v' em um registrador.
[ENSURE] -> 'v' é uma variável da pilha. Carregando...
[GET_FREE] -> Encontrado registrador livre: r8. Restantes: 20.
[ADD_INSTR] Adicionando instrução para 'gcd': subi: r30 = r31, 2
[ADD_INSTR] Adicionando instrução para 'gcd': load: r8 = [r30]
[ASSIGN_REG] Mapeando 'v' para r8.
[GET_TEMP] Solicitando registrador para o temporário 't1'.
[GET_FREE] -> Encontrado registrador livre: r9. Restantes: 19.
[ASSIGN_REG] Mapeando 't1' para r9.
[GET_TEMP] -> 't1' alocado no registrador r9.
[ADD_INSTR] Adicionando instrução para 'gcd': div: r9 = r7, r8

--- [TRANSLATE] Processando IR: t2 := t1 * v ---
[TRANSLATE] -> Detalhes: Destino='t2', Expressão='t1 * v'
[TRANSLATE] -> Caminho: Operação Aritmética
[ENSURE] Tentando garantir 't1' em um registrador.
[ENSURE] -> Sucesso! 't1' já está em r9.
[ENSURE] Tentando garantir 'v' em um registrador.
[ENSURE] -> Sucesso! 'v' já está em r8.
[GET_TEMP] Solicitando registrador para o temporário 't2'.
[GET_FREE] -> Encontrado registrador livre: r10. Restantes: 18.
[ASSIGN_REG] Mapeando 't2' para r10.
[GET_TEMP] -> 't2' alocado no registrador r10.
[ADD_INSTR] Adicionando instrução para 'gcd': mul: r10 = r9, r8
[FREE_TEMP] Liberando registrador r9 que continha o temporário 't1'.
[UNASSIGN_REG] Desmapeado r9 de 't1'.
[UNASSIGN_REG] -> Estado atual: 19 registradores livres. Mapeamentos: {'u': 'r7', 'v': 'r8', 't2': 'r10'}

--- [TRANSLATE] Processando IR: t3 := u - t2 ---
[TRANSLATE] -> Detalhes: Destino='t3', Expressão='u - t2'
[TRANSLATE] -> Caminho: Operação Aritmética
[ENSURE] Tentando garantir 'u' em um registrador.
[ENSURE] -> Sucesso! 'u' já está em r7.
[ENSURE] Tentando garantir 't2' em um registrador.
[ENSURE] -> Sucesso! 't2' já está em r10.
[GET_TEMP] Solicitando registrador para o temporário 't3'.
[GET_FREE] -> Encontrado registrador livre: r11. Restantes: 18.
[ASSIGN_REG] Mapeando 't3' para r11.
[GET_TEMP] -> 't3' alocado no registrador r11.
[ADD_INSTR] Adicionando instrução para 'gcd': sub: r11 = r7, r10
[FREE_TEMP] Liberando registrador r10 que continha o temporário 't2'.
[UNASSIGN_REG] Desmapeado r10 de 't2'.
[UNASSIGN_REG] -> Estado atual: 19 registradores livres. Mapeamentos: {'u': 'r7', 'v': 'r8', 't3': 'r11'}

--- [TRANSLATE] Processando IR: arg t3 ---
[TRANSLATE] -> Caminho: Enfileirando argumento 2

--- [TRANSLATE] Processando IR: t4 := call gcd, 2 ---
[TRANSLATE] -> Detalhes: Destino='t4', Expressão='call gcd, 2'
[TRANSLATE] -> Caminho: Chamada de Função
[SPILL_CALL] Preparando spill completo antes de chamada.
[SPILL_ALL] Verificando registradores sujos para salvar. Sujos: {'r11', 'r9', 'r10'}
[UNASSIGN_REG] Desmapeado r7 de 'u'.
[UNASSIGN_REG] -> Estado atual: 20 registradores livres. Mapeamentos: {'v': 'r8', 't3': 'r11'}
[UNASSIGN_REG] Desmapeado r8 de 'v'.
[UNASSIGN_REG] -> Estado atual: 21 registradores livres. Mapeamentos: {'t3': 'r11'}
[SPILL] Derramando registrador r11, que contém 't3'.
[SPILL] -> 't3' é um temporário. Salvando na pilha em [fp, #-3].
[ADD_INSTR] Adicionando instrução para 'gcd': subi: r30 = r31, 3
[ADD_INSTR] Adicionando instrução para 'gcd': store: [r30] = r11
[UNASSIGN_REG] Desmapeado r11 de 't3'.
[UNASSIGN_REG] -> Estado atual: 22 registradores livres. Mapeamentos: {}
[ENSURE] Tentando garantir 'v' em um registrador.
[ENSURE] -> 'v' é uma variável da pilha. Carregando...
[GET_FREE] -> Encontrado registrador livre: r12. Restantes: 21.
[ADD_INSTR] Adicionando instrução para 'gcd': subi: r30 = r31, 2
[ADD_INSTR] Adicionando instrução para 'gcd': load: r12 = [r30]
[ASSIGN_REG] Mapeando 'v' para r12.
[ADD_INSTR] Adicionando instrução para 'gcd': mov: r1 = r12
[ENSURE] Tentando garantir 't3' em um registrador.
[GET_FREE] -> Encontrado registrador livre: r13. Restantes: 20.
[ADD_INSTR] Adicionando instrução para 'gcd': subi: r30 = r31, 3
[ADD_INSTR] Adicionando instrução para 'gcd': load: r13 = [r30]
[ENSURE] -> Recuperando 't3' da pilha [fp, #-3] para r13.
[ASSIGN_REG] Mapeando 't3' para r13.
[ADD_INSTR] Adicionando instrução para 'gcd': mov: r2 = r13
[FREE_TEMP] Liberando registrador r13 que continha o temporário 't3'.
[UNASSIGN_REG] Desmapeado r13 de 't3'.
[UNASSIGN_REG] -> Estado atual: 21 registradores livres. Mapeamentos: {'v': 'r12'}
[GET_TEMP] Solicitando registrador para o temporário 't_ret_29'.
[GET_FREE] -> Encontrado registrador livre: r14. Restantes: 20.
[ASSIGN_REG] Mapeando 't_ret_29' para r14.
[GET_TEMP] -> 't_ret_29' alocado no registrador r14.
[ADD_INSTR] Adicionando instrução para 'gcd': movi: r14 = gcd_Lret0
[ADD_INSTR] Adicionando instrução para 'gcd': mov: r28 = r14
[ADD_INSTR] Adicionando instrução para 'gcd': bl: gcd
[FREE_TEMP] Liberando registrador r14 que continha o temporário 't_ret_29'.
[UNASSIGN_REG] Desmapeado r14 de 't_ret_29'.
[UNASSIGN_REG] -> Estado atual: 21 registradores livres. Mapeamentos: {'v': 'r12'}
[ADD_INSTR] Adicionando instrução para 'gcd': gcd_Lret0:
[GET_TEMP] Solicitando registrador para o temporário 't4'.
[GET_FREE] -> Encontrado registrador livre: r15. Restantes: 20.
[ASSIGN_REG] Mapeando 't4' para r15.
[GET_TEMP] -> 't4' alocado no registrador r15.
[ADD_INSTR] Adicionando instrução para 'gcd': mov: r15 = r0
[UNASSIGN_REG] Desmapeado r12 de 'v'.
[UNASSIGN_REG] -> Estado atual: 21 registradores livres. Mapeamentos: {'t4': 'r15'}

--- [TRANSLATE] Processando IR: return t4 ---
[TRANSLATE] -> Caminho: Retorno de Função
[ENSURE] Tentando garantir 't4' em um registrador.
[ENSURE] -> Sucesso! 't4' já está em r15.
[ADD_INSTR] Adicionando instrução para 'gcd': mov: r0 = r15
[SPILL_ALL] Verificando registradores sujos para salvar. Sujos: {'r15', 'r14', 'r13'}
[TRANSLATE] -> Pular para a seção de epílogo.
[ADD_INSTR] Adicionando instrução para 'gcd': bi: gcd_epilogue

--- [TRANSLATE] Processando IR: L1: ---
[TRANSLATE] -> Rótulo detectado: L1:
[SPILL_ALL] Verificando registradores sujos para salvar. Sujos: {'r15', 'r14', 'r13'}
[ADD_INSTR] Adicionando instrução para 'gcd': L1:

--- [TRANSLATE] Processando IR: return _ ---
[TRANSLATE] -> Caminho: Retorno de Função
[SPILL_ALL] Verificando registradores sujos para salvar. Sujos: {'r15', 'r14', 'r13'}
[TRANSLATE] -> Pular para a seção de epílogo.
[ADD_INSTR] Adicionando instrução para 'gcd': bi: gcd_epilogue
-> Finalizando a função 'gcd', fazendo spill de todos os registradores sujos.
[SPILL_ALL] Verificando registradores sujos para salvar. Sujos: {'r15', 'r14', 'r13'}

[Processando Função] -> 'main'
-> IR isolado para 'main' contém 10 instruções.
[DEBUG] Função 'main': all_vars=['x', 'y'], defined_vars={'y', 'x'}, params=[]
--> Parâmetros para 'main': []
--> Variáveis Locais para 'main': ['x', 'y']
--> Criando o layout da pilha para 'main'...
    -> Mapeando 'x' para o offset [fp, #-1] (size=1)
    -> Mapeando 'y' para o offset [fp, #-2] (size=1)
--> Tamanho total do frame para 'main': 5 palavras.

--- [TRANSLATE] Processando IR: t5 := call input, 0 ---
[TRANSLATE] -> Detalhes: Destino='t5', Expressão='call input, 0'
[TRANSLATE] -> Caminho: Chamada de Função
[SPILL_CALL] Preparando spill completo antes de chamada.
[SPILL_ALL] Verificando registradores sujos para salvar. Sujos: set()
[GET_TEMP] Solicitando registrador para o temporário 't5'.
[GET_FREE] -> Encontrado registrador livre: r4. Restantes: 22.
[ASSIGN_REG] Mapeando 't5' para r4.
[GET_TEMP] -> 't5' alocado no registrador r4.
[ADD_INSTR] Adicionando instrução para 'main': in: r4

--- [TRANSLATE] Processando IR: x := t5 ---
[TRANSLATE] -> Detalhes: Destino='x', Expressão='t5'
[TRANSLATE] -> Caminho: Atribuição Simples
[ENSURE] Tentando garantir 't5' em um registrador.
[ENSURE] -> Sucesso! 't5' já está em r4.
[TRANSLATE_ASSIGN] -> Armazenando 'x' na sua posição da pilha.
[ADD_INSTR] Adicionando instrução para 'main': subi: r30 = r31, 1
[ADD_INSTR] Adicionando instrução para 'main': store: [r30] = r4
[UPDATE_MAP] Mapeando 'x' para o registrador r4 (que contém o valor de origem).
[ASSIGN_REG] Mapeando 'x' para r4.
[ASSIGN_REG] -> Registrador r4 já continha 't5'. Liberando o mapeamento antigo.
[UNASSIGN_REG] Desmapeado r4 de 't5'.
[UNASSIGN_REG] -> Estado atual: 23 registradores livres. Mapeamentos: {}

--- [TRANSLATE] Processando IR: t6 := call input, 0 ---
[TRANSLATE] -> Detalhes: Destino='t6', Expressão='call input, 0'
[TRANSLATE] -> Caminho: Chamada de Função
[SPILL_CALL] Preparando spill completo antes de chamada.
[SPILL_ALL] Verificando registradores sujos para salvar. Sujos: {'r4'}
[SPILL_ALL] -> Salvando variável local 'x' do registrador r4 na pilha [fp, #-1].
[ADD_INSTR] Adicionando instrução para 'main': subi: r30 = r31, 1
[ADD_INSTR] Adicionando instrução para 'main': store: [r30] = r4
[UNASSIGN_REG] Desmapeado r4 de 'x'.
[UNASSIGN_REG] -> Estado atual: 23 registradores livres. Mapeamentos: {}
[GET_TEMP] Solicitando registrador para o temporário 't6'.
[GET_FREE] -> Encontrado registrador livre: r5. Restantes: 22.
[ASSIGN_REG] Mapeando 't6' para r5.
[GET_TEMP] -> 't6' alocado no registrador r5.
[ADD_INSTR] Adicionando instrução para 'main': in: r5

--- [TRANSLATE] Processando IR: y := t6 ---
[TRANSLATE] -> Detalhes: Destino='y', Expressão='t6'
[TRANSLATE] -> Caminho: Atribuição Simples
[ENSURE] Tentando garantir 't6' em um registrador.
[ENSURE] -> Sucesso! 't6' já está em r5.
[TRANSLATE_ASSIGN] -> Armazenando 'y' na sua posição da pilha.
[ADD_INSTR] Adicionando instrução para 'main': subi: r30 = r31, 2
[ADD_INSTR] Adicionando instrução para 'main': store: [r30] = r5
[UPDATE_MAP] Mapeando 'y' para o registrador r5 (que contém o valor de origem).
[ASSIGN_REG] Mapeando 'y' para r5.
[ASSIGN_REG] -> Registrador r5 já continha 't6'. Liberando o mapeamento antigo.
[UNASSIGN_REG] Desmapeado r5 de 't6'.
[UNASSIGN_REG] -> Estado atual: 23 registradores livres. Mapeamentos: {}

--- [TRANSLATE] Processando IR: arg x ---
[TRANSLATE] -> Caminho: Enfileirando argumento 1

--- [TRANSLATE] Processando IR: arg y ---
[TRANSLATE] -> Caminho: Enfileirando argumento 2

--- [TRANSLATE] Processando IR: t7 := call gcd, 2 ---
[TRANSLATE] -> Detalhes: Destino='t7', Expressão='call gcd, 2'
[TRANSLATE] -> Caminho: Chamada de Função
[SPILL_CALL] Preparando spill completo antes de chamada.
[SPILL_ALL] Verificando registradores sujos para salvar. Sujos: {'r5'}
[SPILL_ALL] -> Salvando variável local 'y' do registrador r5 na pilha [fp, #-2].
[ADD_INSTR] Adicionando instrução para 'main': subi: r30 = r31, 2
[ADD_INSTR] Adicionando instrução para 'main': store: [r30] = r5
[UNASSIGN_REG] Desmapeado r5 de 'y'.
[UNASSIGN_REG] -> Estado atual: 23 registradores livres. Mapeamentos: {}
[ENSURE] Tentando garantir 'x' em um registrador.
[ENSURE] -> 'x' é uma variável da pilha. Carregando...
[GET_FREE] -> Encontrado registrador livre: r6. Restantes: 22.
[ADD_INSTR] Adicionando instrução para 'main': subi: r30 = r31, 1
[ADD_INSTR] Adicionando instrução para 'main': load: r6 = [r30]
[ASSIGN_REG] Mapeando 'x' para r6.
[ADD_INSTR] Adicionando instrução para 'main': mov: r1 = r6
[ENSURE] Tentando garantir 'y' em um registrador.
[ENSURE] -> 'y' é uma variável da pilha. Carregando...
[GET_FREE] -> Encontrado registrador livre: r7. Restantes: 21.
[ADD_INSTR] Adicionando instrução para 'main': subi: r30 = r31, 2
[ADD_INSTR] Adicionando instrução para 'main': load: r7 = [r30]
[ASSIGN_REG] Mapeando 'y' para r7.
[ADD_INSTR] Adicionando instrução para 'main': mov: r2 = r7
[GET_TEMP] Solicitando registrador para o temporário 't_ret_16'.
[GET_FREE] -> Encontrado registrador livre: r8. Restantes: 20.
[ASSIGN_REG] Mapeando 't_ret_16' para r8.
[GET_TEMP] -> 't_ret_16' alocado no registrador r8.
[ADD_INSTR] Adicionando instrução para 'main': movi: r8 = main_Lret0
[ADD_INSTR] Adicionando instrução para 'main': mov: r28 = r8
[ADD_INSTR] Adicionando instrução para 'main': bl: gcd
[FREE_TEMP] Liberando registrador r8 que continha o temporário 't_ret_16'.
[UNASSIGN_REG] Desmapeado r8 de 't_ret_16'.
[UNASSIGN_REG] -> Estado atual: 21 registradores livres. Mapeamentos: {'x': 'r6', 'y': 'r7'}
[ADD_INSTR] Adicionando instrução para 'main': main_Lret0:
[GET_TEMP] Solicitando registrador para o temporário 't7'.
[GET_FREE] -> Encontrado registrador livre: r9. Restantes: 20.
[ASSIGN_REG] Mapeando 't7' para r9.
[GET_TEMP] -> 't7' alocado no registrador r9.
[ADD_INSTR] Adicionando instrução para 'main': mov: r9 = r0
[UNASSIGN_REG] Desmapeado r6 de 'x'.
[UNASSIGN_REG] -> Estado atual: 21 registradores livres. Mapeamentos: {'y': 'r7', 't7': 'r9'}
[UNASSIGN_REG] Desmapeado r7 de 'y'.
[UNASSIGN_REG] -> Estado atual: 22 registradores livres. Mapeamentos: {'t7': 'r9'}

--- [TRANSLATE] Processando IR: arg t7 ---
[TRANSLATE] -> Caminho: Enfileirando argumento 1

--- [TRANSLATE] Processando IR: call output, 1 ---
[TRANSLATE] -> Caminho: Chamada de Procedimento
[SPILL_CALL] Preparando spill completo antes de chamada.
[SPILL_ALL] Verificando registradores sujos para salvar. Sujos: {'r9', 'r8'}
[SPILL] Derramando registrador r9, que contém 't7'.
[SPILL] -> 't7' é um temporário. Salvando na pilha em [fp, #-3].
[ADD_INSTR] Adicionando instrução para 'main': subi: r30 = r31, 3
[ADD_INSTR] Adicionando instrução para 'main': store: [r30] = r9
[UNASSIGN_REG] Desmapeado r9 de 't7'.
[UNASSIGN_REG] -> Estado atual: 23 registradores livres. Mapeamentos: {}
[ENSURE] Tentando garantir 't7' em um registrador.
[GET_FREE] -> Encontrado registrador livre: r10. Restantes: 22.
[ADD_INSTR] Adicionando instrução para 'main': subi: r30 = r31, 3
[ADD_INSTR] Adicionando instrução para 'main': load: r10 = [r30]
[ENSURE] -> Recuperando 't7' da pilha [fp, #-3] para r10.
[ASSIGN_REG] Mapeando 't7' para r10.
[ADD_INSTR] Adicionando instrução para 'main': mov: r1 = r10
[FREE_TEMP] Liberando registrador r10 que continha o temporário 't7'.
[UNASSIGN_REG] Desmapeado r10 de 't7'.
[UNASSIGN_REG] -> Estado atual: 23 registradores livres. Mapeamentos: {}
[ADD_INSTR] Adicionando instrução para 'main': out: r1

--- [TRANSLATE] Processando IR: return _ ---
[TRANSLATE] -> Caminho: Retorno de Função
[SPILL_ALL] Verificando registradores sujos para salvar. Sujos: {'r10'}
[TRANSLATE] -> Pular para a seção de epílogo.
[ADD_INSTR] Adicionando instrução para 'main': bi: main_epilogue
-> Finalizando a função 'main', fazendo spill de todos os registradores sujos.
[SPILL_ALL] Verificando registradores sujos para salvar. Sujos: {'r10'}
--- Fim da Passagem 2 ---

--- Montagem Final: Construindo o arquivo assembly completo ---
[Montagem] Processando função 'gcd' com 38 instruções.
[Montagem] Processando função 'main' com 28 instruções.
[Montagem] Adicionando a seção .data.
[Montagem] -> Variáveis a serem declaradas: []
=== GERAÇÃO DE ASSEMBLY CONCLUÍDA ===
--- ASSEMBLY CODE READY FOR YOUR ASSEMBLER ---
.text
.global main

	bi: main
gcd:
	subi: r29 = r29, 1
	store: [r29] = r28
	subi: r29 = r29, 1
	store: [r29] = r31
	mov: r31 = r29
	subi: r29 = r29, 7
	subi: r30 = r31, 1
	store: [r30] = r1
	subi: r30 = r31, 2
	store: [r30] = r2
	subi: r30 = r31, 2
	load: r4 = [r30]
	movi: r5 = 0
	subs: r0 = r4, r5
	bineq: L0
	subi: r30 = r31, 1
	load: r6 = [r30]
	mov: r0 = r6
	bi: gcd_epilogue
L0:
	subi: r30 = r31, 1
	load: r7 = [r30]
	subi: r30 = r31, 2
	load: r8 = [r30]
	div: r9 = r7, r8
	mul: r10 = r9, r8
	sub: r11 = r7, r10
	subi: r30 = r31, 3
	store: [r30] = r11
	subi: r30 = r31, 2
	load: r12 = [r30]
	mov: r1 = r12
	subi: r30 = r31, 3
	load: r13 = [r30]
	mov: r2 = r13
	movi: r14 = gcd_Lret0
	mov: r28 = r14
	bl: gcd
gcd_Lret0:
	mov: r15 = r0
	mov: r0 = r15
	bi: gcd_epilogue
L1:
	bi: gcd_epilogue
gcd_epilogue:
	mov: r29 = r31
	load: r31 = [r29]
	addi: r29 = r29, 1
	load: r28 = [r29]
	addi: r29 = r29, 1
	b: r28

main:
	movi: r29 = 63
	mov: r31 = r29
	subi: r29 = r29, 5
	in: r4
	subi: r30 = r31, 1
	store: [r30] = r4
	subi: r30 = r31, 1
	store: [r30] = r4
	in: r5
	subi: r30 = r31, 2
	store: [r30] = r5
	subi: r30 = r31, 2
	store: [r30] = r5
	subi: r30 = r31, 1
	load: r6 = [r30]
	mov: r1 = r6
	subi: r30 = r31, 2
	load: r7 = [r30]
	mov: r2 = r7
	movi: r8 = main_Lret0
	mov: r28 = r8
	bl: gcd
main_Lret0:
	mov: r9 = r0
	subi: r30 = r31, 3
	store: [r30] = r9
	subi: r30 = r31, 3
	load: r10 = [r30]
	mov: r1 = r10
	out: r1
	bi: main_epilogue
main_epilogue:
	ret:

.data
stack_space: .space 64
---------------------------------------------
--- DEBUG OUTPUT ---
00001110000000000000000000101111 -> bi: main
00000010000111101111010000000001 -> subi: r29 = r29, 1
00000100000000000111001110100000 -> store: [r29] = r28
00000010000111101111010000000001 -> subi: r29 = r29, 1
00000100000000000111111110100000 -> store: [r29] = r31
00000000100011111000001110100000 -> mov: r31 = r29
00000010000111101111010000000111 -> subi: r29 = r29, 7
00000010000111110111110000000001 -> subi: r30 = r31, 1
00000100000000000000011111000000 -> store: [r30] = r1
00000010000111110111110000000010 -> subi: r30 = r31, 2
00000100000000000000101111000000 -> store: [r30] = r2
00000010000111110111110000000010 -> subi: r30 = r31, 2
00000100000100100000001111000000 -> load: r4 = [r30]
00000010100000101000000000000000 -> movi: r5 = 0
00000001000100000001000010100000 -> subs: r0 = r4, r5
00101110000000000000000000000100 -> bineq: L0
00000010000111110111110000000001 -> subi: r30 = r31, 1
00000100000100110000001111000000 -> load: r6 = [r30]
00000000100000000000000011000000 -> mov: r0 = r6
00001110000000000000000000010110 -> bi: gcd_epilogue
00000010000111110111110000000001 -> subi: r30 = r31, 1
00000100000100111000001111000000 -> load: r7 = [r30]
00000010000111110111110000000010 -> subi: r30 = r31, 2
00000100000101000000001111000000 -> load: r8 = [r30]
00000000001101001001110100000000 -> div: r9 = r7, r8
00000000001001010010010100000000 -> mul: r10 = r9, r8
00000000000101011001110101000000 -> sub: r11 = r7, r10
00000010000111110111110000000011 -> subi: r30 = r31, 3
00000100000000000010111111000000 -> store: [r30] = r11
00000010000111110111110000000010 -> subi: r30 = r31, 2
00000100000101100000001111000000 -> load: r12 = [r30]
00000000100000001000000110000000 -> mov: r1 = r12
00000010000111110111110000000011 -> subi: r30 = r31, 3
00000100000101101000001111000000 -> load: r13 = [r30]
00000000100000010000000110100000 -> mov: r2 = r13
00000010100001110000000000100110 -> movi: r14 = gcd_Lret0
00000000100011100000000111000000 -> mov: r28 = r14
00001110100000000000001111011011 -> bl: gcd
00000000100001111000000000000000 -> mov: r15 = r0
00000000100000000000000111100000 -> mov: r0 = r15
00001110000000000000000000000001 -> bi: gcd_epilogue
00001110000000000000000000000000 -> bi: gcd_epilogue
00000000100011101000001111100000 -> mov: r29 = r31
00000100000111111000001110100000 -> load: r31 = [r29]
00000010000011101111010000000001 -> addi: r29 = r29, 1
00000100000111100000001110100000 -> load: r28 = [r29]
00000010000011101111010000000001 -> addi: r29 = r29, 1
00001100000000000000001110000000 -> b: r28
00000010100011101000000000111111 -> movi: r29 = 63
00000000100011111000001110100000 -> mov: r31 = r29
00000010000111101111010000000101 -> subi: r29 = r29, 5
00000000100100100000000000000000 -> in: r4
00000010000111110111110000000001 -> subi: r30 = r31, 1
00000100000000000001001111000000 -> store: [r30] = r4
00000010000111110111110000000001 -> subi: r30 = r31, 1
00000100000000000001001111000000 -> store: [r30] = r4
00000000100100101000000000000000 -> in: r5
00000010000111110111110000000010 -> subi: r30 = r31, 2
00000100000000000001011111000000 -> store: [r30] = r5
00000010000111110111110000000010 -> subi: r30 = r31, 2
00000100000000000001011111000000 -> store: [r30] = r5
00000010000111110111110000000001 -> subi: r30 = r31, 1
00000100000100110000001111000000 -> load: r6 = [r30]
00000000100000001000000011000000 -> mov: r1 = r6
00000010000111110111110000000010 -> subi: r30 = r31, 2
00000100000100111000001111000000 -> load: r7 = [r30]
00000000100000010000000011100000 -> mov: r2 = r7
00000010100001000000000001000110 -> movi: r8 = main_Lret0
00000000100011100000000100000000 -> mov: r28 = r8
00001110100000000000001110111011 -> bl: gcd
00000000100001001000000000000000 -> mov: r9 = r0
00000010000111110111110000000011 -> subi: r30 = r31, 3
00000100000000000010011111000000 -> store: [r30] = r9
00000010000111110111110000000011 -> subi: r30 = r31, 3
00000100000101010000001111000000 -> load: r10 = [r30]
00000000100000001000000101000000 -> mov: r1 = r10
00000000101000000000000000100000 -> out: r1
00001110000000000000000000000000 -> bi: main_epilogue
00001110000000000000000000000000 -> ret -> bi 0
00000000000000000000000000000000 -> data stack_space[0] .space
00000000000000000000000000000000 -> data stack_space[1] .space
00000000000000000000000000000000 -> data stack_space[2] .space
00000000000000000000000000000000 -> data stack_space[3] .space
00000000000000000000000000000000 -> data stack_space[4] .space
00000000000000000000000000000000 -> data stack_space[5] .space
00000000000000000000000000000000 -> data stack_space[6] .space
00000000000000000000000000000000 -> data stack_space[7] .space
00000000000000000000000000000000 -> data stack_space[8] .space
00000000000000000000000000000000 -> data stack_space[9] .space
00000000000000000000000000000000 -> data stack_space[10] .space
00000000000000000000000000000000 -> data stack_space[11] .space
00000000000000000000000000000000 -> data stack_space[12] .space
00000000000000000000000000000000 -> data stack_space[13] .space
00000000000000000000000000000000 -> data stack_space[14] .space
00000000000000000000000000000000 -> data stack_space[15] .space
00000000000000000000000000000000 -> data stack_space[16] .space
00000000000000000000000000000000 -> data stack_space[17] .space
00000000000000000000000000000000 -> data stack_space[18] .space
00000000000000000000000000000000 -> data stack_space[19] .space
00000000000000000000000000000000 -> data stack_space[20] .space
00000000000000000000000000000000 -> data stack_space[21] .space
00000000000000000000000000000000 -> data stack_space[22] .space
00000000000000000000000000000000 -> data stack_space[23] .space
00000000000000000000000000000000 -> data stack_space[24] .space
00000000000000000000000000000000 -> data stack_space[25] .space
00000000000000000000000000000000 -> data stack_space[26] .space
00000000000000000000000000000000 -> data stack_space[27] .space
00000000000000000000000000000000 -> data stack_space[28] .space
00000000000000000000000000000000 -> data stack_space[29] .space
00000000000000000000000000000000 -> data stack_space[30] .space
00000000000000000000000000000000 -> data stack_space[31] .space
00000000000000000000000000000000 -> data stack_space[32] .space
00000000000000000000000000000000 -> data stack_space[33] .space
00000000000000000000000000000000 -> data stack_space[34] .space
00000000000000000000000000000000 -> data stack_space[35] .space
00000000000000000000000000000000 -> data stack_space[36] .space
00000000000000000000000000000000 -> data stack_space[37] .space
00000000000000000000000000000000 -> data stack_space[38] .space
00000000000000000000000000000000 -> data stack_space[39] .space
00000000000000000000000000000000 -> data stack_space[40] .space
00000000000000000000000000000000 -> data stack_space[41] .space
00000000000000000000000000000000 -> data stack_space[42] .space
00000000000000000000000000000000 -> data stack_space[43] .space
00000000000000000000000000000000 -> data stack_space[44] .space
00000000000000000000000000000000 -> data stack_space[45] .space
00000000000000000000000000000000 -> data stack_space[46] .space
00000000000000000000000000000000 -> data stack_space[47] .space
00000000000000000000000000000000 -> data stack_space[48] .space
00000000000000000000000000000000 -> data stack_space[49] .space
00000000000000000000000000000000 -> data stack_space[50] .space
00000000000000000000000000000000 -> data stack_space[51] .space
00000000000000000000000000000000 -> data stack_space[52] .space
00000000000000000000000000000000 -> data stack_space[53] .space
00000000000000000000000000000000 -> data stack_space[54] .space
00000000000000000000000000000000 -> data stack_space[55] .space
00000000000000000000000000000000 -> data stack_space[56] .space
00000000000000000000000000000000 -> data stack_space[57] .space
00000000000000000000000000000000 -> data stack_space[58] .space
00000000000000000000000000000000 -> data stack_space[59] .space
00000000000000000000000000000000 -> data stack_space[60] .space
00000000000000000000000000000000 -> data stack_space[61] .space
00000000000000000000000000000000 -> data stack_space[62] .space
00000000000000000000000000000000 -> data stack_space[63] .space

Código de máquina gerado com sucesso em: docs/output/generated_machine_code.txt
--- MACHINE CODE DECODED ---
