=== MACHINE CODE ANALYSIS ===
machine_code=docs/generated/batch/final_machine_code/factorial_machine_code.txt
machine_words=123
assembly_listing=docs/generated/diagnostics/assembler/assembly_to_machine.txt

summary:
  cycles=186
  termination_reason=ret
  final_pc=58
  halted_temporarily=0
  output_count=1
  last_pc_before=58
  last_instruction_word=00001110000000000000000000000000
  last_decoded_instruction=b i do 0
  last_assembly_instruction=ret -> bi 0

final_state:
  cycles=186
  pc=58
  link_register=28
  halted_temporarily=0
  output_value=[120]
  flags=Z0 N1
registers:
  r0=120
  r1=120
  r2=0
  r3=0
  r4=1
  r5=2
  r6=120
  r7=120
  r8=1
  r9=1
  r10=28
  r11=24
  r12=5
  r13=120
  r14=0
  r15=0
  r16=0
  r17=0
  r18=0
  r19=0
  r20=0
  r21=0
  r22=0
  r23=0
  r24=0
  r25=0
  r26=0
  r27=0
  r28=48
  r29=61
  r30=62
  r31=63
data_memory_non_zero:
  mem[30]=1
  mem[31]=38
  mem[32]=28
  mem[36]=1
  mem[37]=2
  mem[38]=45
  mem[39]=28
  mem[43]=2
  mem[44]=3
  mem[45]=52
  mem[46]=28
  mem[50]=3
  mem[51]=4
  mem[52]=59
  mem[53]=28
  mem[57]=4
  mem[58]=5
  mem[59]=63
  mem[60]=48
  mem[62]=120
