=== MACHINE CODE ANALYSIS ===
machine_code=docs/generated/batch/final_machine_code/gcd_machine_code.txt
machine_words=143
assembly_listing=docs/generated/diagnostics/assembler/assembly_to_machine.txt

summary:
  cycles=59
  termination_reason=ret
  final_pc=78
  halted_temporarily=0
  output_count=1
  last_pc_before=78
  last_instruction_word=00001110000000000000000000000000
  last_decoded_instruction=b i do 0
  last_assembly_instruction=ret -> bi 0

final_state:
  cycles=59
  pc=78
  link_register=70
  halted_temporarily=0
  output_value=[0]
  flags=Z1 N0
registers:
  r0=0
  r1=0
  r2=0
  r3=0
  r4=0
  r5=0
  r6=0
  r7=0
  r8=70
  r9=0
  r10=0
  r11=0
  r12=0
  r13=0
  r14=0
  r15=0
  r16=0
  r17=0
  r18=0
  r19=0
  r20=0
  r21=0
  r22=0
  r23=0
  r24=0
  r25=0
  r26=0
  r27=0
  r28=70
  r29=58
  r30=60
  r31=63
data_memory_non_zero:
  mem[56]=63
  mem[57]=70
