Initializing symbol table and scope stack...
Symbol table initialized successfully.
Parsing 'docs/input/cminus/sort.txt'...
[LEX][3] SKIP_COMMENT
[LEX][5] INT      -> 'int'
[LEX][5] ID       -> 'vet'
[LEX][5] LBRACK   -> '['
[LEX][5] NUM      -> '2' (2)
[LEX][5] RBRACK   -> ']'
[LEX][5] SEMI     -> ';'
[AST DBG] newNode kind=AST_VAR_DECL -> 0x63b6d5dc0770
[PARSER DBG] var_declaration (vector): name=vet, size=2[LEX][7] INT      -> 'int'
[LEX][7] ID       -> 'minloc'
[LEX][7] LPAREN   -> '('
[LEX][7] INT      -> 'int'
[LEX][7] ID       -> 'a'
[LEX][7] LBRACK   -> '['
[LEX][7] RBRACK   -> ']'
[AST DBG] newNode kind=AST_PARAM_ARRAY -> 0x63b6d5dc0970
[AST DBG] newNode kind=AST_PARAM_LIST -> 0x63b6d5dc09d0
[AST DBG] addChild parent=0x63b6d5dc09d0(AST_PARAM_LIST, lineno=7) child=0x63b6d5dc0970(AST_PARAM_ARRAY, lineno=7)
[LEX][7] COMMA    -> ','
[LEX][7] INT      -> 'int'
[LEX][7] ID       -> 'low'
[LEX][7] COMMA    -> ','
[AST DBG] newNode kind=AST_PARAM -> 0x63b6d5dc0ac0
[AST DBG] addChild parent=0x63b6d5dc09d0(AST_PARAM_LIST, lineno=7) child=0x63b6d5dc0ac0(AST_PARAM, lineno=7)
[LEX][7] INT      -> 'int'
[LEX][7] ID       -> 'high'
[LEX][7] RPAREN   -> ')'
[AST DBG] newNode kind=AST_PARAM -> 0x63b6d5dc0bd0
[AST DBG] addChild parent=0x63b6d5dc09d0(AST_PARAM_LIST, lineno=7) child=0x63b6d5dc0bd0(AST_PARAM, lineno=7)
[LEX][8] LBRACE   -> '{'
[LEX][8] INT      -> 'int'
[LEX][8] ID       -> 'i'
[LEX][8] SEMI     -> ';'
[AST DBG] newNode kind=AST_VAR_DECL -> 0x63b6d5dc0d20
[PARSER DBG] var_declaration: name=i[LEX][8] INT      -> 'int'
[LEX][8] ID       -> 'x'
[LEX][8] SEMI     -> ';'
[AST DBG] newNode kind=AST_VAR_DECL -> 0x63b6d5dc0e30
[PARSER DBG] var_declaration: name=x[LEX][8] INT      -> 'int'
[LEX][8] ID       -> 'k'
[LEX][8] SEMI     -> ';'
[AST DBG] newNode kind=AST_VAR_DECL -> 0x63b6d5dc0f40
[PARSER DBG] var_declaration: name=k[LEX][9] ID       -> 'k'
[LEX][9] ASSIGN   -> '='
[AST DBG] newNode kind=AST_ID -> 0x63b6d5dc0fa0
[AST DBG] newIdNode("k") -> 0x63b6d5dc0fa0
[LEX][9] ID       -> 'low'
[LEX][9] SEMI     -> ';'
[AST DBG] newNode kind=AST_ID -> 0x63b6d5dc1000
[AST DBG] newIdNode("low") -> 0x63b6d5dc1000
[AST DBG] newNode kind=AST_ASSIGN -> 0x63b6d5dc1060
[AST DBG] addChild parent=0x63b6d5dc1060(AST_ASSIGN, lineno=9) child=0x63b6d5dc0fa0(AST_ID, lineno=9)
[AST DBG] addChild parent=0x63b6d5dc1060(AST_ASSIGN, lineno=9) child=0x63b6d5dc1000(AST_ID, lineno=9)
[PARSER DBG] assignment: var=0x63b6d5dc0fa0 expr=0x63b6d5dc1000
[LEX][10] ID       -> 'x'
[LEX][10] ASSIGN   -> '='
[AST DBG] newNode kind=AST_ID -> 0x63b6d5dc10a0
[AST DBG] newIdNode("x") -> 0x63b6d5dc10a0
[LEX][10] ID       -> 'a'
[LEX][10] LBRACK   -> '['
[LEX][10] ID       -> 'low'
[LEX][10] RBRACK   -> ']'
[AST DBG] newNode kind=AST_ID -> 0x63b6d5dc1120
[AST DBG] newIdNode("low") -> 0x63b6d5dc1120
[AST DBG] newNode kind=AST_ARRAY_ACCESS -> 0x63b6d5dc1180
[AST DBG] addChild parent=0x63b6d5dc1180(AST_ARRAY_ACCESS, lineno=10) child=0x63b6d5dc1120(AST_ID, lineno=10)
[LEX][10] SEMI     -> ';'
[AST DBG] newNode kind=AST_ASSIGN -> 0x63b6d5dc11c0
[AST DBG] addChild parent=0x63b6d5dc11c0(AST_ASSIGN, lineno=10) child=0x63b6d5dc10a0(AST_ID, lineno=10)
[AST DBG] addChild parent=0x63b6d5dc11c0(AST_ASSIGN, lineno=10) child=0x63b6d5dc1180(AST_ARRAY_ACCESS, lineno=10)
[PARSER DBG] assignment: var=0x63b6d5dc10a0 expr=0x63b6d5dc1180
[LEX][11] ID       -> 'i'
[LEX][11] ASSIGN   -> '='
[AST DBG] newNode kind=AST_ID -> 0x63b6d5dc1200
[AST DBG] newIdNode("i") -> 0x63b6d5dc1200
[LEX][11] ID       -> 'low'
[LEX][11] PLUS     -> '+'
[AST DBG] newNode kind=AST_ID -> 0x63b6d5dc1260
[AST DBG] newIdNode("low") -> 0x63b6d5dc1260
[AST DBG] newNode kind=AST_OP -> 0x63b6d5dc12c0
[LEX][11] NUM      -> '1' (1)
[AST DBG] newNode kind=AST_NUM -> 0x63b6d5dc1300
[AST DBG] newNumNode(1) -> 0x63b6d5dc1300
[LEX][11] SEMI     -> ';'
[AST DBG] newNode kind=AST_BINOP -> 0x63b6d5dc1340
[AST DBG] addChild parent=0x63b6d5dc1340(AST_BINOP, lineno=11) child=0x63b6d5dc1260(AST_ID, lineno=11)
[AST DBG] addChild parent=0x63b6d5dc1340(AST_BINOP, lineno=11) child=0x63b6d5dc12c0(AST_OP, lineno=11)
[AST DBG] addChild parent=0x63b6d5dc1340(AST_BINOP, lineno=11) child=0x63b6d5dc1300(AST_NUM, lineno=11)
[AST DBG] newNode kind=AST_ASSIGN -> 0x63b6d5dc1380
[AST DBG] addChild parent=0x63b6d5dc1380(AST_ASSIGN, lineno=11) child=0x63b6d5dc1200(AST_ID, lineno=11)
[AST DBG] addChild parent=0x63b6d5dc1380(AST_ASSIGN, lineno=11) child=0x63b6d5dc1340(AST_BINOP, lineno=11)
[PARSER DBG] assignment: var=0x63b6d5dc1200 expr=0x63b6d5dc1340
[LEX][12] WHILE    -> 'while'
[LEX][12] LPAREN   -> '('
[LEX][12] ID       -> 'i'
[LEX][12] LT       -> '<'
[AST DBG] newNode kind=AST_ID -> 0x63b6d5dc13e0
[AST DBG] newIdNode("i") -> 0x63b6d5dc13e0
[AST DBG] newNode kind=AST_OP -> 0x63b6d5dc1440
[LEX][12] ID       -> 'high'
[LEX][12] RPAREN   -> ')'
[AST DBG] newNode kind=AST_ID -> 0x63b6d5dc14a0
[AST DBG] newIdNode("high") -> 0x63b6d5dc14a0
[AST DBG] newNode kind=AST_BINOP -> 0x63b6d5dc1500
[AST DBG] addChild parent=0x63b6d5dc1500(AST_BINOP, lineno=12) child=0x63b6d5dc13e0(AST_ID, lineno=12)
[AST DBG] addChild parent=0x63b6d5dc1500(AST_BINOP, lineno=12) child=0x63b6d5dc1440(AST_OP, lineno=12)
[AST DBG] addChild parent=0x63b6d5dc1500(AST_BINOP, lineno=12) child=0x63b6d5dc14a0(AST_ID, lineno=12)
[PARSER DBG] binop: left=0x63b6d5dc13e0 op=0x63b6d5dc1440 right=0x63b6d5dc14a0
[LEX][12] LBRACE   -> '{'
[LEX][13] IF       -> 'if'
[LEX][13] LPAREN   -> '('
[LEX][13] ID       -> 'a'
[LEX][13] LBRACK   -> '['
[LEX][13] ID       -> 'i'
[LEX][13] RBRACK   -> ']'
[AST DBG] newNode kind=AST_ID -> 0x63b6d5dc15a0
[AST DBG] newIdNode("i") -> 0x63b6d5dc15a0
[AST DBG] newNode kind=AST_ARRAY_ACCESS -> 0x63b6d5dc1600
[AST DBG] addChild parent=0x63b6d5dc1600(AST_ARRAY_ACCESS, lineno=13) child=0x63b6d5dc15a0(AST_ID, lineno=13)
[LEX][13] LT       -> '<'
[AST DBG] newNode kind=AST_OP -> 0x63b6d5dc1640
[LEX][13] ID       -> 'x'
[LEX][13] RPAREN   -> ')'
[AST DBG] newNode kind=AST_ID -> 0x63b6d5dc16a0
[AST DBG] newIdNode("x") -> 0x63b6d5dc16a0
[AST DBG] newNode kind=AST_BINOP -> 0x63b6d5dc1700
[AST DBG] addChild parent=0x63b6d5dc1700(AST_BINOP, lineno=13) child=0x63b6d5dc1600(AST_ARRAY_ACCESS, lineno=13)
[AST DBG] addChild parent=0x63b6d5dc1700(AST_BINOP, lineno=13) child=0x63b6d5dc1640(AST_OP, lineno=13)
[AST DBG] addChild parent=0x63b6d5dc1700(AST_BINOP, lineno=13) child=0x63b6d5dc16a0(AST_ID, lineno=13)
[PARSER DBG] binop: left=0x63b6d5dc1600 op=0x63b6d5dc1640 right=0x63b6d5dc16a0
[LEX][13] LBRACE   -> '{'
[LEX][14] ID       -> 'x'
[LEX][14] ASSIGN   -> '='
[AST DBG] newNode kind=AST_ID -> 0x63b6d5dc17a0
[AST DBG] newIdNode("x") -> 0x63b6d5dc17a0
[LEX][14] ID       -> 'a'
[LEX][14] LBRACK   -> '['
[LEX][14] ID       -> 'i'
[LEX][14] RBRACK   -> ']'
[AST DBG] newNode kind=AST_ID -> 0x63b6d5dc1820
[AST DBG] newIdNode("i") -> 0x63b6d5dc1820
[AST DBG] newNode kind=AST_ARRAY_ACCESS -> 0x63b6d5dc1880
[AST DBG] addChild parent=0x63b6d5dc1880(AST_ARRAY_ACCESS, lineno=14) child=0x63b6d5dc1820(AST_ID, lineno=14)
[LEX][14] SEMI     -> ';'
[AST DBG] newNode kind=AST_ASSIGN -> 0x63b6d5dc18c0
[AST DBG] addChild parent=0x63b6d5dc18c0(AST_ASSIGN, lineno=14) child=0x63b6d5dc17a0(AST_ID, lineno=14)
[AST DBG] addChild parent=0x63b6d5dc18c0(AST_ASSIGN, lineno=14) child=0x63b6d5dc1880(AST_ARRAY_ACCESS, lineno=14)
[PARSER DBG] assignment: var=0x63b6d5dc17a0 expr=0x63b6d5dc1880
[LEX][15] ID       -> 'k'
[LEX][15] ASSIGN   -> '='
[AST DBG] newNode kind=AST_ID -> 0x63b6d5dc1900
[AST DBG] newIdNode("k") -> 0x63b6d5dc1900
[LEX][15] ID       -> 'i'
[LEX][15] SEMI     -> ';'
[AST DBG] newNode kind=AST_ID -> 0x63b6d5dc1960
[AST DBG] newIdNode("i") -> 0x63b6d5dc1960
[AST DBG] newNode kind=AST_ASSIGN -> 0x63b6d5dc19c0
[AST DBG] addChild parent=0x63b6d5dc19c0(AST_ASSIGN, lineno=15) child=0x63b6d5dc1900(AST_ID, lineno=15)
[AST DBG] addChild parent=0x63b6d5dc19c0(AST_ASSIGN, lineno=15) child=0x63b6d5dc1960(AST_ID, lineno=15)
[PARSER DBG] assignment: var=0x63b6d5dc1900 expr=0x63b6d5dc1960
[LEX][16] RBRACE   -> '}'
[AST DBG] newNode kind=AST_BLOCK -> 0x63b6d5dc1a00
[AST DBG] addChild parent=0x63b6d5dc1a00(AST_BLOCK, lineno=16) child=0x63b6d5dc18c0(AST_ASSIGN, lineno=14)
[AST DBG] addChild parent=0x63b6d5dc1a00(AST_BLOCK, lineno=16) child=0x63b6d5dc19c0(AST_ASSIGN, lineno=15)
[PARSER DBG] compound_stmt: scope=minloc#block0#block1#block2 decls=(nil) stmts=0x63b6d5dc18c0
[LEX][17] ID       -> 'i'
[AST DBG] newNode kind=AST_IF -> 0x63b6d5dc1a40
[AST DBG] addChild parent=0x63b6d5dc1a40(AST_IF, lineno=13) child=0x63b6d5dc1700(AST_BINOP, lineno=13)
[AST DBG] addChild parent=0x63b6d5dc1a40(AST_IF, lineno=13) child=0x63b6d5dc1a00(AST_BLOCK, lineno=16)
[LEX][17] ASSIGN   -> '='
[AST DBG] newNode kind=AST_ID -> 0x63b6d5dc1a80
[AST DBG] newIdNode("i") -> 0x63b6d5dc1a80
[LEX][17] ID       -> 'i'
[LEX][17] PLUS     -> '+'
[AST DBG] newNode kind=AST_ID -> 0x63b6d5dc1ae0
[AST DBG] newIdNode("i") -> 0x63b6d5dc1ae0
[AST DBG] newNode kind=AST_OP -> 0x63b6d5dc1b40
[LEX][17] NUM      -> '1' (1)
[AST DBG] newNode kind=AST_NUM -> 0x63b6d5dc1b80
[AST DBG] newNumNode(1) -> 0x63b6d5dc1b80
[LEX][17] SEMI     -> ';'
[AST DBG] newNode kind=AST_BINOP -> 0x63b6d5dc1bc0
[AST DBG] addChild parent=0x63b6d5dc1bc0(AST_BINOP, lineno=17) child=0x63b6d5dc1ae0(AST_ID, lineno=17)
[AST DBG] addChild parent=0x63b6d5dc1bc0(AST_BINOP, lineno=17) child=0x63b6d5dc1b40(AST_OP, lineno=17)
[AST DBG] addChild parent=0x63b6d5dc1bc0(AST_BINOP, lineno=17) child=0x63b6d5dc1b80(AST_NUM, lineno=17)
[AST DBG] newNode kind=AST_ASSIGN -> 0x63b6d5dc1c00
[AST DBG] addChild parent=0x63b6d5dc1c00(AST_ASSIGN, lineno=17) child=0x63b6d5dc1a80(AST_ID, lineno=17)
[AST DBG] addChild parent=0x63b6d5dc1c00(AST_ASSIGN, lineno=17) child=0x63b6d5dc1bc0(AST_BINOP, lineno=17)
[PARSER DBG] assignment: var=0x63b6d5dc1a80 expr=0x63b6d5dc1bc0
[LEX][18] RBRACE   -> '}'
[AST DBG] newNode kind=AST_BLOCK -> 0x63b6d5dc1c40
[AST DBG] addChild parent=0x63b6d5dc1c40(AST_BLOCK, lineno=18) child=0x63b6d5dc1a40(AST_IF, lineno=13)
[AST DBG] addChild parent=0x63b6d5dc1c40(AST_BLOCK, lineno=18) child=0x63b6d5dc1c00(AST_ASSIGN, lineno=17)
[PARSER DBG] compound_stmt: scope=minloc#block0#block1 decls=(nil) stmts=0x63b6d5dc1a40
[AST DBG] newNode kind=AST_WHILE -> 0x63b6d5dc1c80
[AST DBG] addChild parent=0x63b6d5dc1c80(AST_WHILE, lineno=12) child=0x63b6d5dc1500(AST_BINOP, lineno=12)
[AST DBG] addChild parent=0x63b6d5dc1c80(AST_WHILE, lineno=12) child=0x63b6d5dc1c40(AST_BLOCK, lineno=18)
[LEX][19] RETURN   -> 'return'
[LEX][19] ID       -> 'k'
[LEX][19] SEMI     -> ';'
[AST DBG] newNode kind=AST_ID -> 0x63b6d5dc1cc0
[AST DBG] newIdNode("k") -> 0x63b6d5dc1cc0
[AST DBG] newNode kind=AST_RETURN -> 0x63b6d5dc1d20
[AST DBG] addChild parent=0x63b6d5dc1d20(AST_RETURN, lineno=19) child=0x63b6d5dc1cc0(AST_ID, lineno=19)
[LEX][20] RBRACE   -> '}'
[AST DBG] newNode kind=AST_BLOCK -> 0x63b6d5dc1d60
[AST DBG] addChild parent=0x63b6d5dc1d60(AST_BLOCK, lineno=20) child=0x63b6d5dc0d20(AST_VAR_DECL, lineno=8)
[AST DBG] addChild parent=0x63b6d5dc1d60(AST_BLOCK, lineno=20) child=0x63b6d5dc1060(AST_ASSIGN, lineno=9)
[AST DBG] addChild parent=0x63b6d5dc1d60(AST_BLOCK, lineno=20) child=0x63b6d5dc11c0(AST_ASSIGN, lineno=10)
[AST DBG] addChild parent=0x63b6d5dc1d60(AST_BLOCK, lineno=20) child=0x63b6d5dc1380(AST_ASSIGN, lineno=11)
[AST DBG] addChild parent=0x63b6d5dc1d60(AST_BLOCK, lineno=20) child=0x63b6d5dc1c80(AST_WHILE, lineno=12)
[AST DBG] addChild parent=0x63b6d5dc1d60(AST_BLOCK, lineno=20) child=0x63b6d5dc1d20(AST_RETURN, lineno=19)
[PARSER DBG] compound_stmt: scope=minloc#block0 decls=0x63b6d5dc0d20 stmts=0x63b6d5dc1060
[AST DBG] newNode kind=AST_FUN_DECL -> 0x63b6d5dc1da0
[AST DBG] addChild parent=0x63b6d5dc1da0(AST_FUN_DECL, lineno=7) child=0x63b6d5dc09d0(AST_PARAM_LIST, lineno=7)
[AST DBG] addChild parent=0x63b6d5dc1da0(AST_FUN_DECL, lineno=7) child=0x63b6d5dc1d60(AST_BLOCK, lineno=20)
[PARSER DBG] fun_declaration: name=minloc, params=0x63b6d5dc09d0, body=0x63b6d5dc1d60
[PARSER DBG] declaration_list: added minloc
[LEX][22] VOID     -> 'void'
[LEX][22] ID       -> 'sort'
[LEX][22] LPAREN   -> '('
[LEX][22] INT      -> 'int'
[LEX][22] ID       -> 'a'
[LEX][22] LBRACK   -> '['
[LEX][22] RBRACK   -> ']'
[AST DBG] newNode kind=AST_PARAM_ARRAY -> 0x63b6d5dc1f60
[AST DBG] newNode kind=AST_PARAM_LIST -> 0x63b6d5dc1fc0
[AST DBG] addChild parent=0x63b6d5dc1fc0(AST_PARAM_LIST, lineno=22) child=0x63b6d5dc1f60(AST_PARAM_ARRAY, lineno=22)
[LEX][22] COMMA    -> ','
[LEX][22] INT      -> 'int'
[LEX][22] ID       -> 'low'
[LEX][22] COMMA    -> ','
[AST DBG] newNode kind=AST_PARAM -> 0x63b6d5dc20b0
[AST DBG] addChild parent=0x63b6d5dc1fc0(AST_PARAM_LIST, lineno=22) child=0x63b6d5dc20b0(AST_PARAM, lineno=22)
[LEX][22] INT      -> 'int'
[LEX][22] ID       -> 'high'
[LEX][22] RPAREN   -> ')'
[AST DBG] newNode kind=AST_PARAM -> 0x63b6d5dc21c0
[AST DBG] addChild parent=0x63b6d5dc1fc0(AST_PARAM_LIST, lineno=22) child=0x63b6d5dc21c0(AST_PARAM, lineno=22)
[LEX][23] LBRACE   -> '{'
[LEX][23] INT      -> 'int'
[LEX][23] ID       -> 'i'
[LEX][23] SEMI     -> ';'
[AST DBG] newNode kind=AST_VAR_DECL -> 0x63b6d5dc2310
[PARSER DBG] var_declaration: name=i[LEX][23] INT      -> 'int'
[LEX][23] ID       -> 'k'
[LEX][23] SEMI     -> ';'
[AST DBG] newNode kind=AST_VAR_DECL -> 0x63b6d5dc2420
[PARSER DBG] var_declaration: name=k[LEX][24] ID       -> 'i'
[LEX][24] ASSIGN   -> '='
[AST DBG] newNode kind=AST_ID -> 0x63b6d5dc2480
[AST DBG] newIdNode("i") -> 0x63b6d5dc2480
[LEX][24] ID       -> 'low'
[LEX][24] SEMI     -> ';'
[AST DBG] newNode kind=AST_ID -> 0x63b6d5dc24e0
[AST DBG] newIdNode("low") -> 0x63b6d5dc24e0
[AST DBG] newNode kind=AST_ASSIGN -> 0x63b6d5dc2540
[AST DBG] addChild parent=0x63b6d5dc2540(AST_ASSIGN, lineno=24) child=0x63b6d5dc2480(AST_ID, lineno=24)
[AST DBG] addChild parent=0x63b6d5dc2540(AST_ASSIGN, lineno=24) child=0x63b6d5dc24e0(AST_ID, lineno=24)
[PARSER DBG] assignment: var=0x63b6d5dc2480 expr=0x63b6d5dc24e0
[LEX][25] WHILE    -> 'while'
[LEX][25] LPAREN   -> '('
[LEX][25] ID       -> 'i'
[LEX][25] LT       -> '<'
[AST DBG] newNode kind=AST_ID -> 0x63b6d5dc2580
[AST DBG] newIdNode("i") -> 0x63b6d5dc2580
[AST DBG] newNode kind=AST_OP -> 0x63b6d5dc25e0
[LEX][25] ID       -> 'high'
[LEX][25] MINUS    -> '-'
[AST DBG] newNode kind=AST_ID -> 0x63b6d5dc2640
[AST DBG] newIdNode("high") -> 0x63b6d5dc2640
[AST DBG] newNode kind=AST_OP -> 0x63b6d5dc26a0
[LEX][25] NUM      -> '1' (1)
[AST DBG] newNode kind=AST_NUM -> 0x63b6d5dc26e0
[AST DBG] newNumNode(1) -> 0x63b6d5dc26e0
[LEX][25] RPAREN   -> ')'
[AST DBG] newNode kind=AST_BINOP -> 0x63b6d5dc2720
[AST DBG] addChild parent=0x63b6d5dc2720(AST_BINOP, lineno=25) child=0x63b6d5dc2640(AST_ID, lineno=25)
[AST DBG] addChild parent=0x63b6d5dc2720(AST_BINOP, lineno=25) child=0x63b6d5dc26a0(AST_OP, lineno=25)
[AST DBG] addChild parent=0x63b6d5dc2720(AST_BINOP, lineno=25) child=0x63b6d5dc26e0(AST_NUM, lineno=25)
[AST DBG] newNode kind=AST_BINOP -> 0x63b6d5dc2760
[AST DBG] addChild parent=0x63b6d5dc2760(AST_BINOP, lineno=25) child=0x63b6d5dc2580(AST_ID, lineno=25)
[AST DBG] addChild parent=0x63b6d5dc2760(AST_BINOP, lineno=25) child=0x63b6d5dc25e0(AST_OP, lineno=25)
[AST DBG] addChild parent=0x63b6d5dc2760(AST_BINOP, lineno=25) child=0x63b6d5dc2720(AST_BINOP, lineno=25)
[PARSER DBG] binop: left=0x63b6d5dc2580 op=0x63b6d5dc25e0 right=0x63b6d5dc2720
[LEX][25] LBRACE   -> '{'
[LEX][26] INT      -> 'int'
[LEX][26] ID       -> 't'
[LEX][26] SEMI     -> ';'
[AST DBG] newNode kind=AST_VAR_DECL -> 0x63b6d5dc28b0
[PARSER DBG] var_declaration: name=t[LEX][27] ID       -> 'k'
[LEX][27] ASSIGN   -> '='
[AST DBG] newNode kind=AST_ID -> 0x63b6d5dc2910
[AST DBG] newIdNode("k") -> 0x63b6d5dc2910
[LEX][27] ID       -> 'minloc'
[LEX][27] LPAREN   -> '('
[LEX][27] ID       -> 'a'
[LEX][27] COMMA    -> ','
[AST DBG] newNode kind=AST_ID -> 0x63b6d5dc2990
[AST DBG] newIdNode("a") -> 0x63b6d5dc2990
[AST DBG] newNode kind=AST_ARG_LIST -> 0x63b6d5dc29f0
[AST DBG] addChild parent=0x63b6d5dc29f0(AST_ARG_LIST, lineno=27) child=0x63b6d5dc2990(AST_ID, lineno=27)
[LEX][27] ID       -> 'i'
[LEX][27] COMMA    -> ','
[AST DBG] newNode kind=AST_ID -> 0x63b6d5dc2a30
[AST DBG] newIdNode("i") -> 0x63b6d5dc2a30
[AST DBG] addChild parent=0x63b6d5dc29f0(AST_ARG_LIST, lineno=27) child=0x63b6d5dc2a30(AST_ID, lineno=27)
[LEX][27] ID       -> 'high'
[LEX][27] RPAREN   -> ')'
[AST DBG] newNode kind=AST_ID -> 0x63b6d5dc2a90
[AST DBG] newIdNode("high") -> 0x63b6d5dc2a90
[AST DBG] addChild parent=0x63b6d5dc29f0(AST_ARG_LIST, lineno=27) child=0x63b6d5dc2a90(AST_ID, lineno=27)
[AST DBG] newNode kind=AST_CALL -> 0x63b6d5dc2af0
[AST DBG] addChild parent=0x63b6d5dc2af0(AST_CALL, lineno=27) child=0x63b6d5dc29f0(AST_ARG_LIST, lineno=27)
[LEX][27] SEMI     -> ';'
[AST DBG] newNode kind=AST_ASSIGN -> 0x63b6d5dc2b30
[AST DBG] addChild parent=0x63b6d5dc2b30(AST_ASSIGN, lineno=27) child=0x63b6d5dc2910(AST_ID, lineno=27)
[AST DBG] addChild parent=0x63b6d5dc2b30(AST_ASSIGN, lineno=27) child=0x63b6d5dc2af0(AST_CALL, lineno=27)
[PARSER DBG] assignment: var=0x63b6d5dc2910 expr=0x63b6d5dc2af0
[LEX][28] ID       -> 't'
[LEX][28] ASSIGN   -> '='
[AST DBG] newNode kind=AST_ID -> 0x63b6d5dc2b70
[AST DBG] newIdNode("t") -> 0x63b6d5dc2b70
[LEX][28] ID       -> 'a'
[LEX][28] LBRACK   -> '['
[LEX][28] ID       -> 'k'
[LEX][28] RBRACK   -> ']'
[AST DBG] newNode kind=AST_ID -> 0x63b6d5dc2bf0
[AST DBG] newIdNode("k") -> 0x63b6d5dc2bf0
[AST DBG] newNode kind=AST_ARRAY_ACCESS -> 0x63b6d5dc2c50
[AST DBG] addChild parent=0x63b6d5dc2c50(AST_ARRAY_ACCESS, lineno=28) child=0x63b6d5dc2bf0(AST_ID, lineno=28)
[LEX][28] SEMI     -> ';'
[AST DBG] newNode kind=AST_ASSIGN -> 0x63b6d5dc2c90
[AST DBG] addChild parent=0x63b6d5dc2c90(AST_ASSIGN, lineno=28) child=0x63b6d5dc2b70(AST_ID, lineno=28)
[AST DBG] addChild parent=0x63b6d5dc2c90(AST_ASSIGN, lineno=28) child=0x63b6d5dc2c50(AST_ARRAY_ACCESS, lineno=28)
[PARSER DBG] assignment: var=0x63b6d5dc2b70 expr=0x63b6d5dc2c50
[LEX][29] ID       -> 'a'
[LEX][29] LBRACK   -> '['
[LEX][29] ID       -> 'k'
[LEX][29] RBRACK   -> ']'
[AST DBG] newNode kind=AST_ID -> 0x63b6d5dc2cf0
[AST DBG] newIdNode("k") -> 0x63b6d5dc2cf0
[AST DBG] newNode kind=AST_ARRAY_ACCESS -> 0x63b6d5dc2d50
[AST DBG] addChild parent=0x63b6d5dc2d50(AST_ARRAY_ACCESS, lineno=29) child=0x63b6d5dc2cf0(AST_ID, lineno=29)
[LEX][29] ASSIGN   -> '='
[LEX][29] ID       -> 'a'
[LEX][29] LBRACK   -> '['
[LEX][29] ID       -> 'i'
[LEX][29] RBRACK   -> ']'
[AST DBG] newNode kind=AST_ID -> 0x63b6d5dc2db0
[AST DBG] newIdNode("i") -> 0x63b6d5dc2db0
[AST DBG] newNode kind=AST_ARRAY_ACCESS -> 0x63b6d5dc2e10
[AST DBG] addChild parent=0x63b6d5dc2e10(AST_ARRAY_ACCESS, lineno=29) child=0x63b6d5dc2db0(AST_ID, lineno=29)
[LEX][29] SEMI     -> ';'
[AST DBG] newNode kind=AST_ASSIGN -> 0x63b6d5dc2e50
[AST DBG] addChild parent=0x63b6d5dc2e50(AST_ASSIGN, lineno=29) child=0x63b6d5dc2d50(AST_ARRAY_ACCESS, lineno=29)
[AST DBG] addChild parent=0x63b6d5dc2e50(AST_ASSIGN, lineno=29) child=0x63b6d5dc2e10(AST_ARRAY_ACCESS, lineno=29)
[PARSER DBG] assignment: var=0x63b6d5dc2d50 expr=0x63b6d5dc2e10
[LEX][30] ID       -> 'a'
[LEX][30] LBRACK   -> '['
[LEX][30] ID       -> 'i'
[LEX][30] RBRACK   -> ']'
[AST DBG] newNode kind=AST_ID -> 0x63b6d5dc2eb0
[AST DBG] newIdNode("i") -> 0x63b6d5dc2eb0
[AST DBG] newNode kind=AST_ARRAY_ACCESS -> 0x63b6d5dc2f10
[AST DBG] addChild parent=0x63b6d5dc2f10(AST_ARRAY_ACCESS, lineno=30) child=0x63b6d5dc2eb0(AST_ID, lineno=30)
[LEX][30] ASSIGN   -> '='
[LEX][30] ID       -> 't'
[LEX][30] SEMI     -> ';'
[AST DBG] newNode kind=AST_ID -> 0x63b6d5dc2f50
[AST DBG] newIdNode("t") -> 0x63b6d5dc2f50
[AST DBG] newNode kind=AST_ASSIGN -> 0x63b6d5dc2fb0
[AST DBG] addChild parent=0x63b6d5dc2fb0(AST_ASSIGN, lineno=30) child=0x63b6d5dc2f10(AST_ARRAY_ACCESS, lineno=30)
[AST DBG] addChild parent=0x63b6d5dc2fb0(AST_ASSIGN, lineno=30) child=0x63b6d5dc2f50(AST_ID, lineno=30)
[PARSER DBG] assignment: var=0x63b6d5dc2f10 expr=0x63b6d5dc2f50
[LEX][31] ID       -> 'i'
[LEX][31] ASSIGN   -> '='
[AST DBG] newNode kind=AST_ID -> 0x63b6d5dc2ff0
[AST DBG] newIdNode("i") -> 0x63b6d5dc2ff0
[LEX][31] ID       -> 'i'
[LEX][31] PLUS     -> '+'
[AST DBG] newNode kind=AST_ID -> 0x63b6d5dc3050
[AST DBG] newIdNode("i") -> 0x63b6d5dc3050
[AST DBG] newNode kind=AST_OP -> 0x63b6d5dc30b0
[LEX][31] NUM      -> '1' (1)
[AST DBG] newNode kind=AST_NUM -> 0x63b6d5dc30f0
[AST DBG] newNumNode(1) -> 0x63b6d5dc30f0
[LEX][31] SEMI     -> ';'
[AST DBG] newNode kind=AST_BINOP -> 0x63b6d5dc3130
[AST DBG] addChild parent=0x63b6d5dc3130(AST_BINOP, lineno=31) child=0x63b6d5dc3050(AST_ID, lineno=31)
[AST DBG] addChild parent=0x63b6d5dc3130(AST_BINOP, lineno=31) child=0x63b6d5dc30b0(AST_OP, lineno=31)
[AST DBG] addChild parent=0x63b6d5dc3130(AST_BINOP, lineno=31) child=0x63b6d5dc30f0(AST_NUM, lineno=31)
[AST DBG] newNode kind=AST_ASSIGN -> 0x63b6d5dc3170
[AST DBG] addChild parent=0x63b6d5dc3170(AST_ASSIGN, lineno=31) child=0x63b6d5dc2ff0(AST_ID, lineno=31)
[AST DBG] addChild parent=0x63b6d5dc3170(AST_ASSIGN, lineno=31) child=0x63b6d5dc3130(AST_BINOP, lineno=31)
[PARSER DBG] assignment: var=0x63b6d5dc2ff0 expr=0x63b6d5dc3130
[LEX][32] RBRACE   -> '}'
[AST DBG] newNode kind=AST_BLOCK -> 0x63b6d5dc31b0
[AST DBG] addChild parent=0x63b6d5dc31b0(AST_BLOCK, lineno=32) child=0x63b6d5dc28b0(AST_VAR_DECL, lineno=26)
[AST DBG] addChild parent=0x63b6d5dc31b0(AST_BLOCK, lineno=32) child=0x63b6d5dc2b30(AST_ASSIGN, lineno=27)
[AST DBG] addChild parent=0x63b6d5dc31b0(AST_BLOCK, lineno=32) child=0x63b6d5dc2c90(AST_ASSIGN, lineno=28)
[AST DBG] addChild parent=0x63b6d5dc31b0(AST_BLOCK, lineno=32) child=0x63b6d5dc2e50(AST_ASSIGN, lineno=29)
[AST DBG] addChild parent=0x63b6d5dc31b0(AST_BLOCK, lineno=32) child=0x63b6d5dc2fb0(AST_ASSIGN, lineno=30)
[AST DBG] addChild parent=0x63b6d5dc31b0(AST_BLOCK, lineno=32) child=0x63b6d5dc3170(AST_ASSIGN, lineno=31)
[PARSER DBG] compound_stmt: scope=sort#block3#block4 decls=0x63b6d5dc28b0 stmts=0x63b6d5dc2b30
[AST DBG] newNode kind=AST_WHILE -> 0x63b6d5dc31f0
[AST DBG] addChild parent=0x63b6d5dc31f0(AST_WHILE, lineno=25) child=0x63b6d5dc2760(AST_BINOP, lineno=25)
[AST DBG] addChild parent=0x63b6d5dc31f0(AST_WHILE, lineno=25) child=0x63b6d5dc31b0(AST_BLOCK, lineno=32)
[LEX][33] RBRACE   -> '}'
[AST DBG] newNode kind=AST_BLOCK -> 0x63b6d5dc3230
[AST DBG] addChild parent=0x63b6d5dc3230(AST_BLOCK, lineno=33) child=0x63b6d5dc2310(AST_VAR_DECL, lineno=23)
[AST DBG] addChild parent=0x63b6d5dc3230(AST_BLOCK, lineno=33) child=0x63b6d5dc2540(AST_ASSIGN, lineno=24)
[AST DBG] addChild parent=0x63b6d5dc3230(AST_BLOCK, lineno=33) child=0x63b6d5dc31f0(AST_WHILE, lineno=25)
[PARSER DBG] compound_stmt: scope=sort#block3 decls=0x63b6d5dc2310 stmts=0x63b6d5dc2540
[AST DBG] newNode kind=AST_FUN_DECL -> 0x63b6d5dc3270
[AST DBG] addChild parent=0x63b6d5dc3270(AST_FUN_DECL, lineno=22) child=0x63b6d5dc1fc0(AST_PARAM_LIST, lineno=22)
[AST DBG] addChild parent=0x63b6d5dc3270(AST_FUN_DECL, lineno=22) child=0x63b6d5dc3230(AST_BLOCK, lineno=33)
[PARSER DBG] fun_declaration: name=sort, params=0x63b6d5dc1fc0, body=0x63b6d5dc3230
[PARSER DBG] declaration_list: added sort
[LEX][35] VOID     -> 'void'
[LEX][35] ID       -> 'main'
[LEX][35] LPAREN   -> '('
[LEX][35] VOID     -> 'void'
[LEX][35] RPAREN   -> ')'
[LEX][36] LBRACE   -> '{'
[LEX][37] INT      -> 'int'
[LEX][37] ID       -> 'i'
[LEX][37] SEMI     -> ';'
[AST DBG] newNode kind=AST_VAR_DECL -> 0x63b6d5dc3470
[PARSER DBG] var_declaration: name=i[LEX][38] INT      -> 'int'
[LEX][38] ID       -> 'aux'
[LEX][38] SEMI     -> ';'
[AST DBG] newNode kind=AST_VAR_DECL -> 0x63b6d5dc3580
[PARSER DBG] var_declaration: name=aux[LEX][39] ID       -> 'i'
[LEX][39] ASSIGN   -> '='
[AST DBG] newNode kind=AST_ID -> 0x63b6d5dc35e0
[AST DBG] newIdNode("i") -> 0x63b6d5dc35e0
[LEX][39] NUM      -> '0' (0)
[AST DBG] newNode kind=AST_NUM -> 0x63b6d5dc3640
[AST DBG] newNumNode(0) -> 0x63b6d5dc3640
[LEX][39] SEMI     -> ';'
[AST DBG] newNode kind=AST_ASSIGN -> 0x63b6d5dc3680
[AST DBG] addChild parent=0x63b6d5dc3680(AST_ASSIGN, lineno=39) child=0x63b6d5dc35e0(AST_ID, lineno=39)
[AST DBG] addChild parent=0x63b6d5dc3680(AST_ASSIGN, lineno=39) child=0x63b6d5dc3640(AST_NUM, lineno=39)
[PARSER DBG] assignment: var=0x63b6d5dc35e0 expr=0x63b6d5dc3640
[LEX][40] WHILE    -> 'while'
[LEX][40] LPAREN   -> '('
[LEX][40] ID       -> 'i'
[LEX][40] LT       -> '<'
[AST DBG] newNode kind=AST_ID -> 0x63b6d5dc36c0
[AST DBG] newIdNode("i") -> 0x63b6d5dc36c0
[AST DBG] newNode kind=AST_OP -> 0x63b6d5dc3720
[LEX][40] NUM      -> '2' (2)
[AST DBG] newNode kind=AST_NUM -> 0x63b6d5dc3760
[AST DBG] newNumNode(2) -> 0x63b6d5dc3760
[LEX][40] RPAREN   -> ')'
[AST DBG] newNode kind=AST_BINOP -> 0x63b6d5dc37a0
[AST DBG] addChild parent=0x63b6d5dc37a0(AST_BINOP, lineno=40) child=0x63b6d5dc36c0(AST_ID, lineno=40)
[AST DBG] addChild parent=0x63b6d5dc37a0(AST_BINOP, lineno=40) child=0x63b6d5dc3720(AST_OP, lineno=40)
[AST DBG] addChild parent=0x63b6d5dc37a0(AST_BINOP, lineno=40) child=0x63b6d5dc3760(AST_NUM, lineno=40)
[PARSER DBG] binop: left=0x63b6d5dc36c0 op=0x63b6d5dc3720 right=0x63b6d5dc3760
[LEX][40] LBRACE   -> '{'
[LEX][41] ID       -> 'vet'
[LEX][41] LBRACK   -> '['
[LEX][41] ID       -> 'i'
[LEX][41] RBRACK   -> ']'
[AST DBG] newNode kind=AST_ID -> 0x63b6d5dc3860
[AST DBG] newIdNode("i") -> 0x63b6d5dc3860
[AST DBG] newNode kind=AST_ARRAY_ACCESS -> 0x63b6d5dc38c0
[AST DBG] addChild parent=0x63b6d5dc38c0(AST_ARRAY_ACCESS, lineno=41) child=0x63b6d5dc3860(AST_ID, lineno=41)
[LEX][41] ASSIGN   -> '='
[LEX][41] ID       -> 'input'
[LEX][41] LPAREN   -> '('
[LEX][41] RPAREN   -> ')'
[AST DBG] newNode kind=AST_CALL -> 0x63b6d5dc3900
[LEX][41] SEMI     -> ';'
[AST DBG] newNode kind=AST_ASSIGN -> 0x63b6d5dc3960
[AST DBG] addChild parent=0x63b6d5dc3960(AST_ASSIGN, lineno=41) child=0x63b6d5dc38c0(AST_ARRAY_ACCESS, lineno=41)
[AST DBG] addChild parent=0x63b6d5dc3960(AST_ASSIGN, lineno=41) child=0x63b6d5dc3900(AST_CALL, lineno=41)
[PARSER DBG] assignment: var=0x63b6d5dc38c0 expr=0x63b6d5dc3900
[LEX][42] ID       -> 'i'
[LEX][42] ASSIGN   -> '='
[AST DBG] newNode kind=AST_ID -> 0x63b6d5dc39a0
[AST DBG] newIdNode("i") -> 0x63b6d5dc39a0
[LEX][42] ID       -> 'i'
[LEX][42] PLUS     -> '+'
[AST DBG] newNode kind=AST_ID -> 0x63b6d5dc3a00
[AST DBG] newIdNode("i") -> 0x63b6d5dc3a00
[AST DBG] newNode kind=AST_OP -> 0x63b6d5dc3a60
[LEX][42] NUM      -> '1' (1)
[AST DBG] newNode kind=AST_NUM -> 0x63b6d5dc3aa0
[AST DBG] newNumNode(1) -> 0x63b6d5dc3aa0
[LEX][42] SEMI     -> ';'
[AST DBG] newNode kind=AST_BINOP -> 0x63b6d5dc3ae0
[AST DBG] addChild parent=0x63b6d5dc3ae0(AST_BINOP, lineno=42) child=0x63b6d5dc3a00(AST_ID, lineno=42)
[AST DBG] addChild parent=0x63b6d5dc3ae0(AST_BINOP, lineno=42) child=0x63b6d5dc3a60(AST_OP, lineno=42)
[AST DBG] addChild parent=0x63b6d5dc3ae0(AST_BINOP, lineno=42) child=0x63b6d5dc3aa0(AST_NUM, lineno=42)
[AST DBG] newNode kind=AST_ASSIGN -> 0x63b6d5dc3b20
[AST DBG] addChild parent=0x63b6d5dc3b20(AST_ASSIGN, lineno=42) child=0x63b6d5dc39a0(AST_ID, lineno=42)
[AST DBG] addChild parent=0x63b6d5dc3b20(AST_ASSIGN, lineno=42) child=0x63b6d5dc3ae0(AST_BINOP, lineno=42)
[PARSER DBG] assignment: var=0x63b6d5dc39a0 expr=0x63b6d5dc3ae0
[LEX][43] RBRACE   -> '}'
[AST DBG] newNode kind=AST_BLOCK -> 0x63b6d5dc3b60
[AST DBG] addChild parent=0x63b6d5dc3b60(AST_BLOCK, lineno=43) child=0x63b6d5dc3960(AST_ASSIGN, lineno=41)
[AST DBG] addChild parent=0x63b6d5dc3b60(AST_BLOCK, lineno=43) child=0x63b6d5dc3b20(AST_ASSIGN, lineno=42)
[PARSER DBG] compound_stmt: scope=main#block5#block6 decls=(nil) stmts=0x63b6d5dc3960
[AST DBG] newNode kind=AST_WHILE -> 0x63b6d5dc3ba0
[AST DBG] addChild parent=0x63b6d5dc3ba0(AST_WHILE, lineno=40) child=0x63b6d5dc37a0(AST_BINOP, lineno=40)
[AST DBG] addChild parent=0x63b6d5dc3ba0(AST_WHILE, lineno=40) child=0x63b6d5dc3b60(AST_BLOCK, lineno=43)
[LEX][44] ID       -> 'sort'
[LEX][44] LPAREN   -> '('
[LEX][44] ID       -> 'vet'
[LEX][44] COMMA    -> ','
[AST DBG] newNode kind=AST_ID -> 0x63b6d5dc3c00
[AST DBG] newIdNode("vet") -> 0x63b6d5dc3c00
[AST DBG] newNode kind=AST_ARG_LIST -> 0x63b6d5dc3c60
[AST DBG] addChild parent=0x63b6d5dc3c60(AST_ARG_LIST, lineno=44) child=0x63b6d5dc3c00(AST_ID, lineno=44)
[LEX][44] NUM      -> '0' (0)
[AST DBG] newNode kind=AST_NUM -> 0x63b6d5dc3ca0
[AST DBG] newNumNode(0) -> 0x63b6d5dc3ca0
[LEX][44] COMMA    -> ','
[AST DBG] addChild parent=0x63b6d5dc3c60(AST_ARG_LIST, lineno=44) child=0x63b6d5dc3ca0(AST_NUM, lineno=44)
[LEX][44] NUM      -> '2' (2)
[AST DBG] newNode kind=AST_NUM -> 0x63b6d5dc3ce0
[AST DBG] newNumNode(2) -> 0x63b6d5dc3ce0
[LEX][44] RPAREN   -> ')'
[AST DBG] addChild parent=0x63b6d5dc3c60(AST_ARG_LIST, lineno=44) child=0x63b6d5dc3ce0(AST_NUM, lineno=44)
[AST DBG] newNode kind=AST_CALL -> 0x63b6d5dc3d20
[AST DBG] addChild parent=0x63b6d5dc3d20(AST_CALL, lineno=44) child=0x63b6d5dc3c60(AST_ARG_LIST, lineno=44)
[LEX][44] SEMI     -> ';'
[LEX][45] ID       -> 'i'
[LEX][45] ASSIGN   -> '='
[AST DBG] newNode kind=AST_ID -> 0x63b6d5dc3d60
[AST DBG] newIdNode("i") -> 0x63b6d5dc3d60
[LEX][45] NUM      -> '0' (0)
[AST DBG] newNode kind=AST_NUM -> 0x63b6d5dc3dc0
[AST DBG] newNumNode(0) -> 0x63b6d5dc3dc0
[LEX][45] SEMI     -> ';'
[AST DBG] newNode kind=AST_ASSIGN -> 0x63b6d5dc3e00
[AST DBG] addChild parent=0x63b6d5dc3e00(AST_ASSIGN, lineno=45) child=0x63b6d5dc3d60(AST_ID, lineno=45)
[AST DBG] addChild parent=0x63b6d5dc3e00(AST_ASSIGN, lineno=45) child=0x63b6d5dc3dc0(AST_NUM, lineno=45)
[PARSER DBG] assignment: var=0x63b6d5dc3d60 expr=0x63b6d5dc3dc0
[LEX][46] WHILE    -> 'while'
[LEX][46] LPAREN   -> '('
[LEX][46] ID       -> 'i'
[LEX][46] LT       -> '<'
[AST DBG] newNode kind=AST_ID -> 0x63b6d5dc3e40
[AST DBG] newIdNode("i") -> 0x63b6d5dc3e40
[AST DBG] newNode kind=AST_OP -> 0x63b6d5dc3ea0
[LEX][46] NUM      -> '2' (2)
[AST DBG] newNode kind=AST_NUM -> 0x63b6d5dc3ee0
[AST DBG] newNumNode(2) -> 0x63b6d5dc3ee0
[LEX][46] RPAREN   -> ')'
[AST DBG] newNode kind=AST_BINOP -> 0x63b6d5dc3f20
[AST DBG] addChild parent=0x63b6d5dc3f20(AST_BINOP, lineno=46) child=0x63b6d5dc3e40(AST_ID, lineno=46)
[AST DBG] addChild parent=0x63b6d5dc3f20(AST_BINOP, lineno=46) child=0x63b6d5dc3ea0(AST_OP, lineno=46)
[AST DBG] addChild parent=0x63b6d5dc3f20(AST_BINOP, lineno=46) child=0x63b6d5dc3ee0(AST_NUM, lineno=46)
[PARSER DBG] binop: left=0x63b6d5dc3e40 op=0x63b6d5dc3ea0 right=0x63b6d5dc3ee0
[LEX][46] LBRACE   -> '{'
[LEX][47] ID       -> 'aux'
[LEX][47] ASSIGN   -> '='
[AST DBG] newNode kind=AST_ID -> 0x63b6d5dc3fc0
[AST DBG] newIdNode("aux") -> 0x63b6d5dc3fc0
[LEX][47] ID       -> 'input'
[LEX][47] LPAREN   -> '('
[LEX][47] RPAREN   -> ')'
[AST DBG] newNode kind=AST_CALL -> 0x63b6d5dc4020
[LEX][47] SEMI     -> ';'
[AST DBG] newNode kind=AST_ASSIGN -> 0x63b6d5dc4080
[AST DBG] addChild parent=0x63b6d5dc4080(AST_ASSIGN, lineno=47) child=0x63b6d5dc3fc0(AST_ID, lineno=47)
[AST DBG] addChild parent=0x63b6d5dc4080(AST_ASSIGN, lineno=47) child=0x63b6d5dc4020(AST_CALL, lineno=47)
[PARSER DBG] assignment: var=0x63b6d5dc3fc0 expr=0x63b6d5dc4020
[LEX][48] ID       -> 'output'
[LEX][48] LPAREN   -> '('
[LEX][48] ID       -> 'vet'
[LEX][48] LBRACK   -> '['
[LEX][48] ID       -> 'i'
[LEX][48] RBRACK   -> ']'
[AST DBG] newNode kind=AST_ID -> 0x63b6d5dc4100
[AST DBG] newIdNode("i") -> 0x63b6d5dc4100
[AST DBG] newNode kind=AST_ARRAY_ACCESS -> 0x63b6d5dc4160
[AST DBG] addChild parent=0x63b6d5dc4160(AST_ARRAY_ACCESS, lineno=48) child=0x63b6d5dc4100(AST_ID, lineno=48)
[LEX][48] RPAREN   -> ')'
[AST DBG] newNode kind=AST_ARG_LIST -> 0x63b6d5dc41a0
[AST DBG] addChild parent=0x63b6d5dc41a0(AST_ARG_LIST, lineno=48) child=0x63b6d5dc4160(AST_ARRAY_ACCESS, lineno=48)
[AST DBG] newNode kind=AST_CALL -> 0x63b6d5dc41e0
[AST DBG] addChild parent=0x63b6d5dc41e0(AST_CALL, lineno=48) child=0x63b6d5dc41a0(AST_ARG_LIST, lineno=48)
[LEX][48] SEMI     -> ';'
[LEX][49] ID       -> 'i'
[LEX][49] ASSIGN   -> '='
[AST DBG] newNode kind=AST_ID -> 0x63b6d5dc4220
[AST DBG] newIdNode("i") -> 0x63b6d5dc4220
[LEX][49] ID       -> 'i'
[LEX][49] PLUS     -> '+'
[AST DBG] newNode kind=AST_ID -> 0x63b6d5dc4280
[AST DBG] newIdNode("i") -> 0x63b6d5dc4280
[AST DBG] newNode kind=AST_OP -> 0x63b6d5dc42e0
[LEX][49] NUM      -> '1' (1)
[AST DBG] newNode kind=AST_NUM -> 0x63b6d5dc4320
[AST DBG] newNumNode(1) -> 0x63b6d5dc4320
[LEX][49] SEMI     -> ';'
[AST DBG] newNode kind=AST_BINOP -> 0x63b6d5dc4360
[AST DBG] addChild parent=0x63b6d5dc4360(AST_BINOP, lineno=49) child=0x63b6d5dc4280(AST_ID, lineno=49)
[AST DBG] addChild parent=0x63b6d5dc4360(AST_BINOP, lineno=49) child=0x63b6d5dc42e0(AST_OP, lineno=49)
[AST DBG] addChild parent=0x63b6d5dc4360(AST_BINOP, lineno=49) child=0x63b6d5dc4320(AST_NUM, lineno=49)
[AST DBG] newNode kind=AST_ASSIGN -> 0x63b6d5dc43a0
[AST DBG] addChild parent=0x63b6d5dc43a0(AST_ASSIGN, lineno=49) child=0x63b6d5dc4220(AST_ID, lineno=49)
[AST DBG] addChild parent=0x63b6d5dc43a0(AST_ASSIGN, lineno=49) child=0x63b6d5dc4360(AST_BINOP, lineno=49)
[PARSER DBG] assignment: var=0x63b6d5dc4220 expr=0x63b6d5dc4360
[LEX][50] RBRACE   -> '}'
[AST DBG] newNode kind=AST_BLOCK -> 0x63b6d5dc43e0
[AST DBG] addChild parent=0x63b6d5dc43e0(AST_BLOCK, lineno=50) child=0x63b6d5dc4080(AST_ASSIGN, lineno=47)
[AST DBG] addChild parent=0x63b6d5dc43e0(AST_BLOCK, lineno=50) child=0x63b6d5dc41e0(AST_CALL, lineno=48)
[AST DBG] addChild parent=0x63b6d5dc43e0(AST_BLOCK, lineno=50) child=0x63b6d5dc43a0(AST_ASSIGN, lineno=49)
[PARSER DBG] compound_stmt: scope=main#block5#block7 decls=(nil) stmts=0x63b6d5dc4080
[AST DBG] newNode kind=AST_WHILE -> 0x63b6d5dc4420
[AST DBG] addChild parent=0x63b6d5dc4420(AST_WHILE, lineno=46) child=0x63b6d5dc3f20(AST_BINOP, lineno=46)
[AST DBG] addChild parent=0x63b6d5dc4420(AST_WHILE, lineno=46) child=0x63b6d5dc43e0(AST_BLOCK, lineno=50)
[LEX][51] RBRACE   -> '}'
[AST DBG] newNode kind=AST_BLOCK -> 0x63b6d5dc4460
[AST DBG] addChild parent=0x63b6d5dc4460(AST_BLOCK, lineno=51) child=0x63b6d5dc3470(AST_VAR_DECL, lineno=37)
[AST DBG] addChild parent=0x63b6d5dc4460(AST_BLOCK, lineno=51) child=0x63b6d5dc3680(AST_ASSIGN, lineno=39)
[AST DBG] addChild parent=0x63b6d5dc4460(AST_BLOCK, lineno=51) child=0x63b6d5dc3ba0(AST_WHILE, lineno=40)
[AST DBG] addChild parent=0x63b6d5dc4460(AST_BLOCK, lineno=51) child=0x63b6d5dc3d20(AST_CALL, lineno=44)
[AST DBG] addChild parent=0x63b6d5dc4460(AST_BLOCK, lineno=51) child=0x63b6d5dc3e00(AST_ASSIGN, lineno=45)
[AST DBG] addChild parent=0x63b6d5dc4460(AST_BLOCK, lineno=51) child=0x63b6d5dc4420(AST_WHILE, lineno=46)
[PARSER DBG] compound_stmt: scope=main#block5 decls=0x63b6d5dc3470 stmts=0x63b6d5dc3680
[AST DBG] newNode kind=AST_FUN_DECL -> 0x63b6d5dc44a0
[AST DBG] addChild parent=0x63b6d5dc44a0(AST_FUN_DECL, lineno=35) child=0x63b6d5dc4460(AST_BLOCK, lineno=51)
[PARSER DBG] fun_declaration: name=main, params=(nil), body=0x63b6d5dc4460
[PARSER DBG] declaration_list: added main
[LEX][51] EOF
[AST DBG] newNode kind=AST_PROGRAM -> 0x63b6d5dc44e0
[AST DBG] addChild parent=0x63b6d5dc44e0(AST_PROGRAM, lineno=5) child=0x63b6d5dc0770(AST_VAR_DECL, lineno=5)
[AST DBG] addChild parent=0x63b6d5dc44e0(AST_PROGRAM, lineno=5) child=0x63b6d5dc1da0(AST_FUN_DECL, lineno=7)
[AST DBG] addChild parent=0x63b6d5dc44e0(AST_PROGRAM, lineno=5) child=0x63b6d5dc3270(AST_FUN_DECL, lineno=22)
[AST DBG] addChild parent=0x63b6d5dc44e0(AST_PROGRAM, lineno=5) child=0x63b6d5dc44a0(AST_FUN_DECL, lineno=35)
Parse successful.

=== AST ===
Program (lineno=5)
  VarDecl(name=vet, lineno=5)
  FunDecl(name=minloc, lineno=7)
    ParamList (lineno=7)
      ParamArray(name=a, lineno=7)
      Param(name=low, lineno=7)
      Param(name=high, lineno=7)
    Block (lineno=20)
      VarDecl(name=i, lineno=8)
      VarDecl(name=x, lineno=8)
      VarDecl(name=k, lineno=8)
      Assign (lineno=9)
        Id(name=k, lineno=9)
        Id(name=low, lineno=9)
      Assign (lineno=10)
        Id(name=x, lineno=10)
        ArrayAccess(name=a, lineno=10)
          Id(name=low, lineno=10)
      Assign (lineno=11)
        Id(name=i, lineno=11)
        BinOp (lineno=11)
          Id(name=low, lineno=11)
          Op(op='+', lineno=11)
          Num(value=1, lineno=11)
      While (lineno=12)
        BinOp (lineno=12)
          Id(name=i, lineno=12)
          Op(op='<', lineno=12)
          Id(name=high, lineno=12)
        Block (lineno=18)
          If (lineno=13)
            BinOp (lineno=13)
              ArrayAccess(name=a, lineno=13)
                Id(name=i, lineno=13)
              Op(op='<', lineno=13)
              Id(name=x, lineno=13)
            Block (lineno=16)
              Assign (lineno=14)
                Id(name=x, lineno=14)
                ArrayAccess(name=a, lineno=14)
                  Id(name=i, lineno=14)
              Assign (lineno=15)
                Id(name=k, lineno=15)
                Id(name=i, lineno=15)
          Assign (lineno=17)
            Id(name=i, lineno=17)
            BinOp (lineno=17)
              Id(name=i, lineno=17)
              Op(op='+', lineno=17)
              Num(value=1, lineno=17)
      Return (lineno=19)
        Id(name=k, lineno=19)
  FunDecl(name=sort, lineno=22)
    ParamList (lineno=22)
      ParamArray(name=a, lineno=22)
      Param(name=low, lineno=22)
      Param(name=high, lineno=22)
    Block (lineno=33)
      VarDecl(name=i, lineno=23)
      VarDecl(name=k, lineno=23)
      Assign (lineno=24)
        Id(name=i, lineno=24)
        Id(name=low, lineno=24)
      While (lineno=25)
        BinOp (lineno=25)
          Id(name=i, lineno=25)
          Op(op='<', lineno=25)
          BinOp (lineno=25)
            Id(name=high, lineno=25)
            Op(op='-', lineno=25)
            Num(value=1, lineno=25)
        Block (lineno=32)
          VarDecl(name=t, lineno=26)
          Assign (lineno=27)
            Id(name=k, lineno=27)
            Call(name=minloc, lineno=27)
              ArgList (lineno=27)
                Id(name=a, lineno=27)
                Id(name=i, lineno=27)
                Id(name=high, lineno=27)
          Assign (lineno=28)
            Id(name=t, lineno=28)
            ArrayAccess(name=a, lineno=28)
              Id(name=k, lineno=28)
          Assign (lineno=29)
            ArrayAccess(name=a, lineno=29)
              Id(name=k, lineno=29)
            ArrayAccess(name=a, lineno=29)
              Id(name=i, lineno=29)
          Assign (lineno=30)
            ArrayAccess(name=a, lineno=30)
              Id(name=i, lineno=30)
            Id(name=t, lineno=30)
          Assign (lineno=31)
            Id(name=i, lineno=31)
            BinOp (lineno=31)
              Id(name=i, lineno=31)
              Op(op='+', lineno=31)
              Num(value=1, lineno=31)
  FunDecl(name=main, lineno=35)
    Block (lineno=51)
      VarDecl(name=i, lineno=37)
      VarDecl(name=aux, lineno=38)
      Assign (lineno=39)
        Id(name=i, lineno=39)
        Num(value=0, lineno=39)
      While (lineno=40)
        BinOp (lineno=40)
          Id(name=i, lineno=40)
          Op(op='<', lineno=40)
          Num(value=2, lineno=40)
        Block (lineno=43)
          Assign (lineno=41)
            ArrayAccess(name=vet, lineno=41)
              Id(name=i, lineno=41)
            Call(name=input, lineno=41)
          Assign (lineno=42)
            Id(name=i, lineno=42)
            BinOp (lineno=42)
              Id(name=i, lineno=42)
              Op(op='+', lineno=42)
              Num(value=1, lineno=42)
      Call(name=sort, lineno=44)
        ArgList (lineno=44)
          Id(name=vet, lineno=44)
          Num(value=0, lineno=44)
          Num(value=2, lineno=44)
      Assign (lineno=45)
        Id(name=i, lineno=45)
        Num(value=0, lineno=45)
      While (lineno=46)
        BinOp (lineno=46)
          Id(name=i, lineno=46)
          Op(op='<', lineno=46)
          Num(value=2, lineno=46)
        Block (lineno=50)
          Assign (lineno=47)
            Id(name=aux, lineno=47)
            Call(name=input, lineno=47)
          Call(name=output, lineno=48)
            ArgList (lineno=48)
              ArrayAccess(name=vet, lineno=48)
                Id(name=i, lineno=48)
          Assign (lineno=49)
            Id(name=i, lineno=49)
            BinOp (lineno=49)
              Id(name=i, lineno=49)
              Op(op='+', lineno=49)
              Num(value=1, lineno=49)
AST has been saved to: docs/generated/frontend/syntax_tree/ast.txt
Semantic analysis completed successfully with no errors.

=== IR ===

[IR_DBG] === Starting IR Generation ===
[IR_DBG] Pass 1: Searching for global variable declarations...
[IR_DBG]   Found global var declaration for 'vet'
[IR_DBG] Creating new constant: 2
[IR_DBG] Creating new name operand: .space
[IR_DBG] Creating new name operand: vet
[IR_DBG] Emitting instruction with opcode 4
[IR_DBG] > generate_ir_for_node: Processing node kind AST_PROGRAM at line 5
[IR_DBG]   Case AST_PROGRAM
[IR_DBG] > generate_ir_for_node: Processing node kind AST_FUN_DECL at line 7
[IR_DBG]   Case AST_FUN_DECL for 'minloc'
[IR_DBG] Creating new name operand: minloc
[IR_DBG] Emitting instruction with opcode 15
[IR_DBG] Creating new name operand: a
[IR_DBG] Emitting instruction with opcode 19
[IR_DBG] Creating new name operand: low
[IR_DBG] Emitting instruction with opcode 19
[IR_DBG] Creating new name operand: high
[IR_DBG] Emitting instruction with opcode 19
[IR_DBG] > generate_ir_for_node: Processing node kind AST_BLOCK at line 20
[IR_DBG]   Case AST_BLOCK
[IR_DBG] > generate_ir_for_node: Processing node kind AST_ASSIGN at line 9
[IR_DBG]   Case AST_ASSIGN (as statement)
[IR_DBG] >> generate_ir_for_expr: Processing expression kind AST_ASSIGN at line 9
[IR_DBG]    Case AST_ASSIGN
[IR_DBG] >> generate_ir_for_expr: Processing expression kind AST_ID at line 9
[IR_DBG]    Case AST_ID
[IR_DBG] Creating new name operand: low
[IR_DBG] << generate_ir_for_expr: Finished processing expression kind AST_ID
[IR_DBG] Creating new name operand: k
[IR_DBG] Emitting instruction with opcode 0
[IR_DBG] << generate_ir_for_expr: Finished processing expression kind AST_ASSIGN
[IR_DBG] < generate_ir_for_node: Finished processing node kind AST_ASSIGN
[IR_DBG] > generate_ir_for_node: Processing node kind AST_ASSIGN at line 10
[IR_DBG]   Case AST_ASSIGN (as statement)
[IR_DBG] >> generate_ir_for_expr: Processing expression kind AST_ASSIGN at line 10
[IR_DBG]    Case AST_ASSIGN
[IR_DBG] >> generate_ir_for_expr: Processing expression kind AST_ARRAY_ACCESS at line 10
[IR_DBG]    Case AST_ARRAY_ACCESS (Load)
[IR_DBG] >> generate_ir_for_expr: Processing expression kind AST_ID at line 10
[IR_DBG]    Case AST_ID
[IR_DBG] Creating new name operand: low
[IR_DBG] << generate_ir_for_expr: Finished processing expression kind AST_ID
[IR_DBG] Creating new name operand: a
[IR_DBG] Creating new temporary: t0
[IR_DBG] Emitting instruction with opcode 5
[IR_DBG] Creating new temporary: t1
[IR_DBG] Emitting instruction with opcode 1
[IR_DBG] << generate_ir_for_expr: Finished processing expression kind AST_ARRAY_ACCESS
[IR_DBG] Creating new name operand: x
[IR_DBG] Emitting instruction with opcode 0
[IR_DBG] << generate_ir_for_expr: Finished processing expression kind AST_ASSIGN
[IR_DBG] < generate_ir_for_node: Finished processing node kind AST_ASSIGN
[IR_DBG] > generate_ir_for_node: Processing node kind AST_ASSIGN at line 11
[IR_DBG]   Case AST_ASSIGN (as statement)
[IR_DBG] >> generate_ir_for_expr: Processing expression kind AST_ASSIGN at line 11
[IR_DBG]    Case AST_ASSIGN
[IR_DBG] >> generate_ir_for_expr: Processing expression kind AST_BINOP at line 11
[IR_DBG]    Case AST_BINOP
[IR_DBG]      Operator: '+'
[IR_DBG] >> generate_ir_for_expr: Processing expression kind AST_ID at line 11
[IR_DBG]    Case AST_ID
[IR_DBG] Creating new name operand: low
[IR_DBG] << generate_ir_for_expr: Finished processing expression kind AST_ID
[IR_DBG] >> generate_ir_for_expr: Processing expression kind AST_NUM at line 11
[IR_DBG]    Case AST_NUM
[IR_DBG] Creating new constant: 1
[IR_DBG] << generate_ir_for_expr: Finished processing expression kind AST_NUM
[IR_DBG] Creating new temporary: t2
[IR_DBG] Emitting instruction with opcode 5
[IR_DBG] << generate_ir_for_expr: Finished processing expression kind AST_BINOP
[IR_DBG] Creating new name operand: i
[IR_DBG] Emitting instruction with opcode 0
[IR_DBG] << generate_ir_for_expr: Finished processing expression kind AST_ASSIGN
[IR_DBG] < generate_ir_for_node: Finished processing node kind AST_ASSIGN
[IR_DBG] > generate_ir_for_node: Processing node kind AST_WHILE at line 12
[IR_DBG]   Case AST_WHILE
[IR_DBG] Creating new label: L0
[IR_DBG] Creating new label: L1
[IR_DBG] Emitting instruction with opcode 15
[IR_DBG] >> generate_ir_for_expr: Processing expression kind AST_BINOP at line 12
[IR_DBG]    Case AST_BINOP
[IR_DBG]      Operator: '<'
[IR_DBG] >> generate_ir_for_expr: Processing expression kind AST_ID at line 12
[IR_DBG]    Case AST_ID
[IR_DBG] Creating new name operand: i
[IR_DBG] << generate_ir_for_expr: Finished processing expression kind AST_ID
[IR_DBG] >> generate_ir_for_expr: Processing expression kind AST_ID at line 12
[IR_DBG]    Case AST_ID
[IR_DBG] Creating new name operand: high
[IR_DBG] << generate_ir_for_expr: Finished processing expression kind AST_ID
[IR_DBG] Creating new temporary: t3
[IR_DBG] Emitting instruction with opcode 11
[IR_DBG] << generate_ir_for_expr: Finished processing expression kind AST_BINOP
[IR_DBG] Emitting instruction with opcode 17
[IR_DBG] > generate_ir_for_node: Processing node kind AST_BLOCK at line 18
[IR_DBG]   Case AST_BLOCK
[IR_DBG] > generate_ir_for_node: Processing node kind AST_IF at line 13
[IR_DBG]   Case AST_IF
[IR_DBG] Creating new label: L2
[IR_DBG] Creating new label: L3
[IR_DBG] >> generate_ir_for_expr: Processing expression kind AST_BINOP at line 13
[IR_DBG]    Case AST_BINOP
[IR_DBG]      Operator: '<'
[IR_DBG] >> generate_ir_for_expr: Processing expression kind AST_ARRAY_ACCESS at line 13
[IR_DBG]    Case AST_ARRAY_ACCESS (Load)
[IR_DBG] >> generate_ir_for_expr: Processing expression kind AST_ID at line 13
[IR_DBG]    Case AST_ID
[IR_DBG] Creating new name operand: i
[IR_DBG] << generate_ir_for_expr: Finished processing expression kind AST_ID
[IR_DBG] Creating new name operand: a
[IR_DBG] Creating new temporary: t4
[IR_DBG] Emitting instruction with opcode 5
[IR_DBG] Creating new temporary: t5
[IR_DBG] Emitting instruction with opcode 1
[IR_DBG] << generate_ir_for_expr: Finished processing expression kind AST_ARRAY_ACCESS
[IR_DBG] >> generate_ir_for_expr: Processing expression kind AST_ID at line 13
[IR_DBG]    Case AST_ID
[IR_DBG] Creating new name operand: x
[IR_DBG] << generate_ir_for_expr: Finished processing expression kind AST_ID
[IR_DBG] Creating new temporary: t6
[IR_DBG] Emitting instruction with opcode 11
[IR_DBG] << generate_ir_for_expr: Finished processing expression kind AST_BINOP
[IR_DBG] Emitting instruction with opcode 17
[IR_DBG] > generate_ir_for_node: Processing node kind AST_BLOCK at line 16
[IR_DBG]   Case AST_BLOCK
[IR_DBG] > generate_ir_for_node: Processing node kind AST_ASSIGN at line 14
[IR_DBG]   Case AST_ASSIGN (as statement)
[IR_DBG] >> generate_ir_for_expr: Processing expression kind AST_ASSIGN at line 14
[IR_DBG]    Case AST_ASSIGN
[IR_DBG] >> generate_ir_for_expr: Processing expression kind AST_ARRAY_ACCESS at line 14
[IR_DBG]    Case AST_ARRAY_ACCESS (Load)
[IR_DBG] >> generate_ir_for_expr: Processing expression kind AST_ID at line 14
[IR_DBG]    Case AST_ID
[IR_DBG] Creating new name operand: i
[IR_DBG] << generate_ir_for_expr: Finished processing expression kind AST_ID
[IR_DBG] Creating new name operand: a
[IR_DBG] Creating new temporary: t7
[IR_DBG] Emitting instruction with opcode 5
[IR_DBG] Creating new temporary: t8
[IR_DBG] Emitting instruction with opcode 1
[IR_DBG] << generate_ir_for_expr: Finished processing expression kind AST_ARRAY_ACCESS
[IR_DBG] Creating new name operand: x
[IR_DBG] Emitting instruction with opcode 0
[IR_DBG] << generate_ir_for_expr: Finished processing expression kind AST_ASSIGN
[IR_DBG] < generate_ir_for_node: Finished processing node kind AST_ASSIGN
[IR_DBG] > generate_ir_for_node: Processing node kind AST_ASSIGN at line 15
[IR_DBG]   Case AST_ASSIGN (as statement)
[IR_DBG] >> generate_ir_for_expr: Processing expression kind AST_ASSIGN at line 15
[IR_DBG]    Case AST_ASSIGN
[IR_DBG] >> generate_ir_for_expr: Processing expression kind AST_ID at line 15
[IR_DBG]    Case AST_ID
[IR_DBG] Creating new name operand: i
[IR_DBG] << generate_ir_for_expr: Finished processing expression kind AST_ID
[IR_DBG] Creating new name operand: k
[IR_DBG] Emitting instruction with opcode 0
[IR_DBG] << generate_ir_for_expr: Finished processing expression kind AST_ASSIGN
[IR_DBG] < generate_ir_for_node: Finished processing node kind AST_ASSIGN
[IR_DBG] < generate_ir_for_node: Finished processing node kind AST_BLOCK
[IR_DBG] Emitting instruction with opcode 16
[IR_DBG] Emitting instruction with opcode 15
[IR_DBG] Emitting instruction with opcode 15
[IR_DBG] < generate_ir_for_node: Finished processing node kind AST_IF
[IR_DBG] > generate_ir_for_node: Processing node kind AST_ASSIGN at line 17
[IR_DBG]   Case AST_ASSIGN (as statement)
[IR_DBG] >> generate_ir_for_expr: Processing expression kind AST_ASSIGN at line 17
[IR_DBG]    Case AST_ASSIGN
[IR_DBG] >> generate_ir_for_expr: Processing expression kind AST_BINOP at line 17
[IR_DBG]    Case AST_BINOP
[IR_DBG]      Operator: '+'
[IR_DBG] >> generate_ir_for_expr: Processing expression kind AST_ID at line 17
[IR_DBG]    Case AST_ID
[IR_DBG] Creating new name operand: i
[IR_DBG] << generate_ir_for_expr: Finished processing expression kind AST_ID
[IR_DBG] >> generate_ir_for_expr: Processing expression kind AST_NUM at line 17
[IR_DBG]    Case AST_NUM
[IR_DBG] Creating new constant: 1
[IR_DBG] << generate_ir_for_expr: Finished processing expression kind AST_NUM
[IR_DBG] Creating new temporary: t9
[IR_DBG] Emitting instruction with opcode 5
[IR_DBG] << generate_ir_for_expr: Finished processing expression kind AST_BINOP
[IR_DBG] Creating new name operand: i
[IR_DBG] Emitting instruction with opcode 0
[IR_DBG] << generate_ir_for_expr: Finished processing expression kind AST_ASSIGN
[IR_DBG] < generate_ir_for_node: Finished processing node kind AST_ASSIGN
[IR_DBG] < generate_ir_for_node: Finished processing node kind AST_BLOCK
[IR_DBG] Emitting instruction with opcode 16
[IR_DBG] Emitting instruction with opcode 15
[IR_DBG] < generate_ir_for_node: Finished processing node kind AST_WHILE
[IR_DBG] > generate_ir_for_node: Processing node kind AST_RETURN at line 19
[IR_DBG]   Case AST_RETURN
[IR_DBG] >> generate_ir_for_expr: Processing expression kind AST_ID at line 19
[IR_DBG]    Case AST_ID
[IR_DBG] Creating new name operand: k
[IR_DBG] << generate_ir_for_expr: Finished processing expression kind AST_ID
[IR_DBG] Emitting instruction with opcode 18
[IR_DBG] < generate_ir_for_node: Finished processing node kind AST_RETURN
[IR_DBG] < generate_ir_for_node: Finished processing node kind AST_BLOCK
[IR_DBG] Emitting instruction with opcode 18
[IR_DBG] < generate_ir_for_node: Finished processing node kind AST_FUN_DECL
[IR_DBG] > generate_ir_for_node: Processing node kind AST_FUN_DECL at line 22
[IR_DBG]   Case AST_FUN_DECL for 'sort'
[IR_DBG] Creating new name operand: sort
[IR_DBG] Emitting instruction with opcode 15
[IR_DBG] Creating new name operand: a
[IR_DBG] Emitting instruction with opcode 19
[IR_DBG] Creating new name operand: low
[IR_DBG] Emitting instruction with opcode 19
[IR_DBG] Creating new name operand: high
[IR_DBG] Emitting instruction with opcode 19
[IR_DBG] > generate_ir_for_node: Processing node kind AST_BLOCK at line 33
[IR_DBG]   Case AST_BLOCK
[IR_DBG] > generate_ir_for_node: Processing node kind AST_ASSIGN at line 24
[IR_DBG]   Case AST_ASSIGN (as statement)
[IR_DBG] >> generate_ir_for_expr: Processing expression kind AST_ASSIGN at line 24
[IR_DBG]    Case AST_ASSIGN
[IR_DBG] >> generate_ir_for_expr: Processing expression kind AST_ID at line 24
[IR_DBG]    Case AST_ID
[IR_DBG] Creating new name operand: low
[IR_DBG] << generate_ir_for_expr: Finished processing expression kind AST_ID
[IR_DBG] Creating new name operand: i
[IR_DBG] Emitting instruction with opcode 0
[IR_DBG] << generate_ir_for_expr: Finished processing expression kind AST_ASSIGN
[IR_DBG] < generate_ir_for_node: Finished processing node kind AST_ASSIGN
[IR_DBG] > generate_ir_for_node: Processing node kind AST_WHILE at line 25
[IR_DBG]   Case AST_WHILE
[IR_DBG] Creating new label: L4
[IR_DBG] Creating new label: L5
[IR_DBG] Emitting instruction with opcode 15
[IR_DBG] >> generate_ir_for_expr: Processing expression kind AST_BINOP at line 25
[IR_DBG]    Case AST_BINOP
[IR_DBG]      Operator: '<'
[IR_DBG] >> generate_ir_for_expr: Processing expression kind AST_ID at line 25
[IR_DBG]    Case AST_ID
[IR_DBG] Creating new name operand: i
[IR_DBG] << generate_ir_for_expr: Finished processing expression kind AST_ID
[IR_DBG] >> generate_ir_for_expr: Processing expression kind AST_BINOP at line 25
[IR_DBG]    Case AST_BINOP
[IR_DBG]      Operator: '-'
[IR_DBG] >> generate_ir_for_expr: Processing expression kind AST_ID at line 25
[IR_DBG]    Case AST_ID
[IR_DBG] Creating new name operand: high
[IR_DBG] << generate_ir_for_expr: Finished processing expression kind AST_ID
[IR_DBG] >> generate_ir_for_expr: Processing expression kind AST_NUM at line 25
[IR_DBG]    Case AST_NUM
[IR_DBG] Creating new constant: 1
[IR_DBG] << generate_ir_for_expr: Finished processing expression kind AST_NUM
[IR_DBG] Creating new temporary: t10
[IR_DBG] Emitting instruction with opcode 6
[IR_DBG] << generate_ir_for_expr: Finished processing expression kind AST_BINOP
[IR_DBG] Creating new temporary: t11
[IR_DBG] Emitting instruction with opcode 11
[IR_DBG] << generate_ir_for_expr: Finished processing expression kind AST_BINOP
[IR_DBG] Emitting instruction with opcode 17
[IR_DBG] > generate_ir_for_node: Processing node kind AST_BLOCK at line 32
[IR_DBG]   Case AST_BLOCK
[IR_DBG] > generate_ir_for_node: Processing node kind AST_ASSIGN at line 27
[IR_DBG]   Case AST_ASSIGN (as statement)
[IR_DBG] >> generate_ir_for_expr: Processing expression kind AST_ASSIGN at line 27
[IR_DBG]    Case AST_ASSIGN
[IR_DBG] >> generate_ir_for_expr: Processing expression kind AST_CALL at line 27
[IR_DBG]    Case AST_CALL for function 'minloc'
[IR_DBG] Creating new name operand: a
[IR_DBG] Emitting instruction with opcode 20
[IR_DBG] >> generate_ir_for_expr: Processing expression kind AST_ID at line 27
[IR_DBG]    Case AST_ID
[IR_DBG] Creating new name operand: i
[IR_DBG] << generate_ir_for_expr: Finished processing expression kind AST_ID
[IR_DBG] Emitting instruction with opcode 20
[IR_DBG] >> generate_ir_for_expr: Processing expression kind AST_ID at line 27
[IR_DBG]    Case AST_ID
[IR_DBG] Creating new name operand: high
[IR_DBG] << generate_ir_for_expr: Finished processing expression kind AST_ID
[IR_DBG] Emitting instruction with opcode 20
[IR_DBG] Creating new temporary: t12
[IR_DBG] Creating new constant: 3
[IR_DBG] Creating new name operand: minloc
[IR_DBG] Emitting instruction with opcode 22
[IR_DBG] << generate_ir_for_expr: Finished processing expression kind AST_CALL
[IR_DBG] Creating new name operand: k
[IR_DBG] Emitting instruction with opcode 0
[IR_DBG] << generate_ir_for_expr: Finished processing expression kind AST_ASSIGN
[IR_DBG] < generate_ir_for_node: Finished processing node kind AST_ASSIGN
[IR_DBG] > generate_ir_for_node: Processing node kind AST_ASSIGN at line 28
[IR_DBG]   Case AST_ASSIGN (as statement)
[IR_DBG] >> generate_ir_for_expr: Processing expression kind AST_ASSIGN at line 28
[IR_DBG]    Case AST_ASSIGN
[IR_DBG] >> generate_ir_for_expr: Processing expression kind AST_ARRAY_ACCESS at line 28
[IR_DBG]    Case AST_ARRAY_ACCESS (Load)
[IR_DBG] >> generate_ir_for_expr: Processing expression kind AST_ID at line 28
[IR_DBG]    Case AST_ID
[IR_DBG] Creating new name operand: k
[IR_DBG] << generate_ir_for_expr: Finished processing expression kind AST_ID
[IR_DBG] Creating new name operand: a
[IR_DBG] Creating new temporary: t13
[IR_DBG] Emitting instruction with opcode 5
[IR_DBG] Creating new temporary: t14
[IR_DBG] Emitting instruction with opcode 1
[IR_DBG] << generate_ir_for_expr: Finished processing expression kind AST_ARRAY_ACCESS
[IR_DBG] Creating new name operand: t
[IR_DBG] Emitting instruction with opcode 0
[IR_DBG] << generate_ir_for_expr: Finished processing expression kind AST_ASSIGN
[IR_DBG] < generate_ir_for_node: Finished processing node kind AST_ASSIGN
[IR_DBG] > generate_ir_for_node: Processing node kind AST_ASSIGN at line 29
[IR_DBG]   Case AST_ASSIGN (as statement)
[IR_DBG] >> generate_ir_for_expr: Processing expression kind AST_ASSIGN at line 29
[IR_DBG]    Case AST_ASSIGN
[IR_DBG] >> generate_ir_for_expr: Processing expression kind AST_ARRAY_ACCESS at line 29
[IR_DBG]    Case AST_ARRAY_ACCESS (Load)
[IR_DBG] >> generate_ir_for_expr: Processing expression kind AST_ID at line 29
[IR_DBG]    Case AST_ID
[IR_DBG] Creating new name operand: i
[IR_DBG] << generate_ir_for_expr: Finished processing expression kind AST_ID
[IR_DBG] Creating new name operand: a
[IR_DBG] Creating new temporary: t15
[IR_DBG] Emitting instruction with opcode 5
[IR_DBG] Creating new temporary: t16
[IR_DBG] Emitting instruction with opcode 1
[IR_DBG] << generate_ir_for_expr: Finished processing expression kind AST_ARRAY_ACCESS
[IR_DBG]      Assigning to Array Access
[IR_DBG] >> generate_ir_for_expr: Processing expression kind AST_ID at line 29
[IR_DBG]    Case AST_ID
[IR_DBG] Creating new name operand: k
[IR_DBG] << generate_ir_for_expr: Finished processing expression kind AST_ID
[IR_DBG] Creating new name operand: a
[IR_DBG] Creating new temporary: t17
[IR_DBG] Emitting instruction with opcode 5
[IR_DBG] Emitting instruction with opcode 2
[IR_DBG] << generate_ir_for_expr: Finished processing expression kind AST_ASSIGN
[IR_DBG] < generate_ir_for_node: Finished processing node kind AST_ASSIGN
[IR_DBG] > generate_ir_for_node: Processing node kind AST_ASSIGN at line 30
[IR_DBG]   Case AST_ASSIGN (as statement)
[IR_DBG] >> generate_ir_for_expr: Processing expression kind AST_ASSIGN at line 30
[IR_DBG]    Case AST_ASSIGN
[IR_DBG] >> generate_ir_for_expr: Processing expression kind AST_ID at line 30
[IR_DBG]    Case AST_ID
[IR_DBG] Creating new name operand: t
[IR_DBG] << generate_ir_for_expr: Finished processing expression kind AST_ID
[IR_DBG]      Assigning to Array Access
[IR_DBG] >> generate_ir_for_expr: Processing expression kind AST_ID at line 30
[IR_DBG]    Case AST_ID
[IR_DBG] Creating new name operand: i
[IR_DBG] << generate_ir_for_expr: Finished processing expression kind AST_ID
[IR_DBG] Creating new name operand: a
[IR_DBG] Creating new temporary: t18
[IR_DBG] Emitting instruction with opcode 5
[IR_DBG] Emitting instruction with opcode 2
[IR_DBG] << generate_ir_for_expr: Finished processing expression kind AST_ASSIGN
[IR_DBG] < generate_ir_for_node: Finished processing node kind AST_ASSIGN
[IR_DBG] > generate_ir_for_node: Processing node kind AST_ASSIGN at line 31
[IR_DBG]   Case AST_ASSIGN (as statement)
[IR_DBG] >> generate_ir_for_expr: Processing expression kind AST_ASSIGN at line 31
[IR_DBG]    Case AST_ASSIGN
[IR_DBG] >> generate_ir_for_expr: Processing expression kind AST_BINOP at line 31
[IR_DBG]    Case AST_BINOP
[IR_DBG]      Operator: '+'
[IR_DBG] >> generate_ir_for_expr: Processing expression kind AST_ID at line 31
[IR_DBG]    Case AST_ID
[IR_DBG] Creating new name operand: i
[IR_DBG] << generate_ir_for_expr: Finished processing expression kind AST_ID
[IR_DBG] >> generate_ir_for_expr: Processing expression kind AST_NUM at line 31
[IR_DBG]    Case AST_NUM
[IR_DBG] Creating new constant: 1
[IR_DBG] << generate_ir_for_expr: Finished processing expression kind AST_NUM
[IR_DBG] Creating new temporary: t19
[IR_DBG] Emitting instruction with opcode 5
[IR_DBG] << generate_ir_for_expr: Finished processing expression kind AST_BINOP
[IR_DBG] Creating new name operand: i
[IR_DBG] Emitting instruction with opcode 0
[IR_DBG] << generate_ir_for_expr: Finished processing expression kind AST_ASSIGN
[IR_DBG] < generate_ir_for_node: Finished processing node kind AST_ASSIGN
[IR_DBG] < generate_ir_for_node: Finished processing node kind AST_BLOCK
[IR_DBG] Emitting instruction with opcode 16
[IR_DBG] Emitting instruction with opcode 15
[IR_DBG] < generate_ir_for_node: Finished processing node kind AST_WHILE
[IR_DBG] < generate_ir_for_node: Finished processing node kind AST_BLOCK
[IR_DBG] Emitting instruction with opcode 18
[IR_DBG] < generate_ir_for_node: Finished processing node kind AST_FUN_DECL
[IR_DBG] > generate_ir_for_node: Processing node kind AST_FUN_DECL at line 35
[IR_DBG]   Case AST_FUN_DECL for 'main'
[IR_DBG] Creating new name operand: main
[IR_DBG] Emitting instruction with opcode 15
[IR_DBG] > generate_ir_for_node: Processing node kind AST_BLOCK at line 51
[IR_DBG]   Case AST_BLOCK
[IR_DBG] > generate_ir_for_node: Processing node kind AST_ASSIGN at line 39
[IR_DBG]   Case AST_ASSIGN (as statement)
[IR_DBG] >> generate_ir_for_expr: Processing expression kind AST_ASSIGN at line 39
[IR_DBG]    Case AST_ASSIGN
[IR_DBG] >> generate_ir_for_expr: Processing expression kind AST_NUM at line 39
[IR_DBG]    Case AST_NUM
[IR_DBG] Creating new constant: 0
[IR_DBG] << generate_ir_for_expr: Finished processing expression kind AST_NUM
[IR_DBG] Creating new name operand: i
[IR_DBG] Emitting instruction with opcode 0
[IR_DBG] << generate_ir_for_expr: Finished processing expression kind AST_ASSIGN
[IR_DBG] < generate_ir_for_node: Finished processing node kind AST_ASSIGN
[IR_DBG] > generate_ir_for_node: Processing node kind AST_WHILE at line 40
[IR_DBG]   Case AST_WHILE
[IR_DBG] Creating new label: L6
[IR_DBG] Creating new label: L7
[IR_DBG] Emitting instruction with opcode 15
[IR_DBG] >> generate_ir_for_expr: Processing expression kind AST_BINOP at line 40
[IR_DBG]    Case AST_BINOP
[IR_DBG]      Operator: '<'
[IR_DBG] >> generate_ir_for_expr: Processing expression kind AST_ID at line 40
[IR_DBG]    Case AST_ID
[IR_DBG] Creating new name operand: i
[IR_DBG] << generate_ir_for_expr: Finished processing expression kind AST_ID
[IR_DBG] >> generate_ir_for_expr: Processing expression kind AST_NUM at line 40
[IR_DBG]    Case AST_NUM
[IR_DBG] Creating new constant: 2
[IR_DBG] << generate_ir_for_expr: Finished processing expression kind AST_NUM
[IR_DBG] Creating new temporary: t20
[IR_DBG] Emitting instruction with opcode 11
[IR_DBG] << generate_ir_for_expr: Finished processing expression kind AST_BINOP
[IR_DBG] Emitting instruction with opcode 17
[IR_DBG] > generate_ir_for_node: Processing node kind AST_BLOCK at line 43
[IR_DBG]   Case AST_BLOCK
[IR_DBG] > generate_ir_for_node: Processing node kind AST_ASSIGN at line 41
[IR_DBG]   Case AST_ASSIGN (as statement)
[IR_DBG] >> generate_ir_for_expr: Processing expression kind AST_ASSIGN at line 41
[IR_DBG]    Case AST_ASSIGN
[IR_DBG] >> generate_ir_for_expr: Processing expression kind AST_CALL at line 41
[IR_DBG]    Case AST_CALL for function 'input'
[IR_DBG] Creating new temporary: t21
[IR_DBG] Creating new constant: 0
[IR_DBG] Creating new name operand: input
[IR_DBG] Emitting instruction with opcode 22
[IR_DBG] << generate_ir_for_expr: Finished processing expression kind AST_CALL
[IR_DBG]      Assigning to Array Access
[IR_DBG] >> generate_ir_for_expr: Processing expression kind AST_ID at line 41
[IR_DBG]    Case AST_ID
[IR_DBG] Creating new name operand: i
[IR_DBG] << generate_ir_for_expr: Finished processing expression kind AST_ID
[IR_DBG] Creating new temporary: t22
[IR_DBG] Creating new name operand: vet
[IR_DBG] Emitting instruction with opcode 3
[IR_DBG] Creating new temporary: t23
[IR_DBG] Emitting instruction with opcode 5
[IR_DBG] Emitting instruction with opcode 2
[IR_DBG] << generate_ir_for_expr: Finished processing expression kind AST_ASSIGN
[IR_DBG] < generate_ir_for_node: Finished processing node kind AST_ASSIGN
[IR_DBG] > generate_ir_for_node: Processing node kind AST_ASSIGN at line 42
[IR_DBG]   Case AST_ASSIGN (as statement)
[IR_DBG] >> generate_ir_for_expr: Processing expression kind AST_ASSIGN at line 42
[IR_DBG]    Case AST_ASSIGN
[IR_DBG] >> generate_ir_for_expr: Processing expression kind AST_BINOP at line 42
[IR_DBG]    Case AST_BINOP
[IR_DBG]      Operator: '+'
[IR_DBG] >> generate_ir_for_expr: Processing expression kind AST_ID at line 42
[IR_DBG]    Case AST_ID
[IR_DBG] Creating new name operand: i
[IR_DBG] << generate_ir_for_expr: Finished processing expression kind AST_ID
[IR_DBG] >> generate_ir_for_expr: Processing expression kind AST_NUM at line 42
[IR_DBG]    Case AST_NUM
[IR_DBG] Creating new constant: 1
[IR_DBG] << generate_ir_for_expr: Finished processing expression kind AST_NUM
[IR_DBG] Creating new temporary: t24
[IR_DBG] Emitting instruction with opcode 5
[IR_DBG] << generate_ir_for_expr: Finished processing expression kind AST_BINOP
[IR_DBG] Creating new name operand: i
[IR_DBG] Emitting instruction with opcode 0
[IR_DBG] << generate_ir_for_expr: Finished processing expression kind AST_ASSIGN
[IR_DBG] < generate_ir_for_node: Finished processing node kind AST_ASSIGN
[IR_DBG] < generate_ir_for_node: Finished processing node kind AST_BLOCK
[IR_DBG] Emitting instruction with opcode 16
[IR_DBG] Emitting instruction with opcode 15
[IR_DBG] < generate_ir_for_node: Finished processing node kind AST_WHILE
[IR_DBG] > generate_ir_for_node: Processing node kind AST_CALL at line 44
[IR_DBG]   Case AST_CALL (as statement)
[IR_DBG] >> generate_ir_for_expr: Processing expression kind AST_CALL at line 44
[IR_DBG]    Case AST_CALL for function 'sort'
[IR_DBG] Creating new temporary: t25
[IR_DBG] Creating new name operand: vet
[IR_DBG] Emitting instruction with opcode 3
[IR_DBG] Emitting instruction with opcode 20
[IR_DBG] >> generate_ir_for_expr: Processing expression kind AST_NUM at line 44
[IR_DBG]    Case AST_NUM
[IR_DBG] Creating new constant: 0
[IR_DBG] << generate_ir_for_expr: Finished processing expression kind AST_NUM
[IR_DBG] Emitting instruction with opcode 20
[IR_DBG] >> generate_ir_for_expr: Processing expression kind AST_NUM at line 44
[IR_DBG]    Case AST_NUM
[IR_DBG] Creating new constant: 2
[IR_DBG] << generate_ir_for_expr: Finished processing expression kind AST_NUM
[IR_DBG] Emitting instruction with opcode 20
[IR_DBG] Creating new constant: 3
[IR_DBG] Creating new name operand: sort
[IR_DBG] Emitting instruction with opcode 21
[IR_DBG] << generate_ir_for_expr: Finished processing expression kind AST_CALL
[IR_DBG] < generate_ir_for_node: Finished processing node kind AST_CALL
[IR_DBG] > generate_ir_for_node: Processing node kind AST_ASSIGN at line 45
[IR_DBG]   Case AST_ASSIGN (as statement)
[IR_DBG] >> generate_ir_for_expr: Processing expression kind AST_ASSIGN at line 45
[IR_DBG]    Case AST_ASSIGN
[IR_DBG] >> generate_ir_for_expr: Processing expression kind AST_NUM at line 45
[IR_DBG]    Case AST_NUM
[IR_DBG] Creating new constant: 0
[IR_DBG] << generate_ir_for_expr: Finished processing expression kind AST_NUM
[IR_DBG] Creating new name operand: i
[IR_DBG] Emitting instruction with opcode 0
[IR_DBG] << generate_ir_for_expr: Finished processing expression kind AST_ASSIGN
[IR_DBG] < generate_ir_for_node: Finished processing node kind AST_ASSIGN
[IR_DBG] > generate_ir_for_node: Processing node kind AST_WHILE at line 46
[IR_DBG]   Case AST_WHILE
[IR_DBG] Creating new label: L8
[IR_DBG] Creating new label: L9
[IR_DBG] Emitting instruction with opcode 15
[IR_DBG] >> generate_ir_for_expr: Processing expression kind AST_BINOP at line 46
[IR_DBG]    Case AST_BINOP
[IR_DBG]      Operator: '<'
[IR_DBG] >> generate_ir_for_expr: Processing expression kind AST_ID at line 46
[IR_DBG]    Case AST_ID
[IR_DBG] Creating new name operand: i
[IR_DBG] << generate_ir_for_expr: Finished processing expression kind AST_ID
[IR_DBG] >> generate_ir_for_expr: Processing expression kind AST_NUM at line 46
[IR_DBG]    Case AST_NUM
[IR_DBG] Creating new constant: 2
[IR_DBG] << generate_ir_for_expr: Finished processing expression kind AST_NUM
[IR_DBG] Creating new temporary: t26
[IR_DBG] Emitting instruction with opcode 11
[IR_DBG] << generate_ir_for_expr: Finished processing expression kind AST_BINOP
[IR_DBG] Emitting instruction with opcode 17
[IR_DBG] > generate_ir_for_node: Processing node kind AST_BLOCK at line 50
[IR_DBG]   Case AST_BLOCK
[IR_DBG] > generate_ir_for_node: Processing node kind AST_ASSIGN at line 47
[IR_DBG]   Case AST_ASSIGN (as statement)
[IR_DBG] >> generate_ir_for_expr: Processing expression kind AST_ASSIGN at line 47
[IR_DBG]    Case AST_ASSIGN
[IR_DBG] >> generate_ir_for_expr: Processing expression kind AST_CALL at line 47
[IR_DBG]    Case AST_CALL for function 'input'
[IR_DBG] Creating new temporary: t27
[IR_DBG] Creating new constant: 0
[IR_DBG] Creating new name operand: input
[IR_DBG] Emitting instruction with opcode 22
[IR_DBG] << generate_ir_for_expr: Finished processing expression kind AST_CALL
[IR_DBG] Creating new name operand: aux
[IR_DBG] Emitting instruction with opcode 0
[IR_DBG] << generate_ir_for_expr: Finished processing expression kind AST_ASSIGN
[IR_DBG] < generate_ir_for_node: Finished processing node kind AST_ASSIGN
[IR_DBG] > generate_ir_for_node: Processing node kind AST_CALL at line 48
[IR_DBG]   Case AST_CALL (as statement)
[IR_DBG] >> generate_ir_for_expr: Processing expression kind AST_CALL at line 48
[IR_DBG]    Case AST_CALL for function 'output'
[IR_DBG] >> generate_ir_for_expr: Processing expression kind AST_ARRAY_ACCESS at line 48
[IR_DBG]    Case AST_ARRAY_ACCESS (Load)
[IR_DBG] >> generate_ir_for_expr: Processing expression kind AST_ID at line 48
[IR_DBG]    Case AST_ID
[IR_DBG] Creating new name operand: i
[IR_DBG] << generate_ir_for_expr: Finished processing expression kind AST_ID
[IR_DBG] Creating new temporary: t28
[IR_DBG] Creating new name operand: vet
[IR_DBG] Emitting instruction with opcode 3
[IR_DBG] Creating new temporary: t29
[IR_DBG] Emitting instruction with opcode 5
[IR_DBG] Creating new temporary: t30
[IR_DBG] Emitting instruction with opcode 1
[IR_DBG] << generate_ir_for_expr: Finished processing expression kind AST_ARRAY_ACCESS
[IR_DBG] Emitting instruction with opcode 20
[IR_DBG] Creating new constant: 1
[IR_DBG] Creating new name operand: output
[IR_DBG] Emitting instruction with opcode 21
[IR_DBG] << generate_ir_for_expr: Finished processing expression kind AST_CALL
[IR_DBG] < generate_ir_for_node: Finished processing node kind AST_CALL
[IR_DBG] > generate_ir_for_node: Processing node kind AST_ASSIGN at line 49
[IR_DBG]   Case AST_ASSIGN (as statement)
[IR_DBG] >> generate_ir_for_expr: Processing expression kind AST_ASSIGN at line 49
[IR_DBG]    Case AST_ASSIGN
[IR_DBG] >> generate_ir_for_expr: Processing expression kind AST_BINOP at line 49
[IR_DBG]    Case AST_BINOP
[IR_DBG]      Operator: '+'
[IR_DBG] >> generate_ir_for_expr: Processing expression kind AST_ID at line 49
[IR_DBG]    Case AST_ID
[IR_DBG] Creating new name operand: i
[IR_DBG] << generate_ir_for_expr: Finished processing expression kind AST_ID
[IR_DBG] >> generate_ir_for_expr: Processing expression kind AST_NUM at line 49
[IR_DBG]    Case AST_NUM
[IR_DBG] Creating new constant: 1
[IR_DBG] << generate_ir_for_expr: Finished processing expression kind AST_NUM
[IR_DBG] Creating new temporary: t31
[IR_DBG] Emitting instruction with opcode 5
[IR_DBG] << generate_ir_for_expr: Finished processing expression kind AST_BINOP
[IR_DBG] Creating new name operand: i
[IR_DBG] Emitting instruction with opcode 0
[IR_DBG] << generate_ir_for_expr: Finished processing expression kind AST_ASSIGN
[IR_DBG] < generate_ir_for_node: Finished processing node kind AST_ASSIGN
[IR_DBG] < generate_ir_for_node: Finished processing node kind AST_BLOCK
[IR_DBG] Emitting instruction with opcode 16
[IR_DBG] Emitting instruction with opcode 15
[IR_DBG] < generate_ir_for_node: Finished processing node kind AST_WHILE
[IR_DBG] < generate_ir_for_node: Finished processing node kind AST_BLOCK
[IR_DBG] Emitting instruction with opcode 18
[IR_DBG] < generate_ir_for_node: Finished processing node kind AST_FUN_DECL
[IR_DBG] < generate_ir_for_node: Finished processing node kind AST_PROGRAM
[IR_DBG] === Finished IR Generation ===

--- BEGIN IR DUMP (Terminal) ---
  vet := .space , 2
minloc:
  param a
  param low
  param high
  k := low
  t0 := a + low
  t1 := *t0
  x := t1
  t2 := low + 1
  i := t2
L0:
  t3 := i < high
  if_false t3 goto L1
  t4 := a + i
  t5 := *t4
  t6 := t5 < x
  if_false t6 goto L2
  t7 := a + i
  t8 := *t7
  x := t8
  k := i
  goto L3
L2:
L3:
  t9 := i + 1
  i := t9
  goto L0
L1:
  return k
sort:
  param a
  param low
  param high
  i := low
L4:
  t10 := high - 1
  t11 := i < t10
  if_false t11 goto L5
  arg a
  arg i
  arg high
  t12 := call minloc, 3
  k := t12
  t13 := a + k
  t14 := *t13
  t := t14
  t15 := a + i
  t16 := *t15
  t17 := a + k
  *t17 := t16
  t18 := a + i
  *t18 := t
  t19 := i + 1
  i := t19
  goto L4
L5:
  return _
main:
  i := 0
L6:
  t20 := i < 2
  if_false t20 goto L7
  t21 := call input, 0
  t22 := &vet
  t23 := t22 + i
  *t23 := t21
  t24 := i + 1
  i := t24
  goto L6
L7:
  t25 := &vet
  arg t25
  arg 0
  arg 2
  call sort, 3
  i := 0
L8:
  t26 := i < 2
  if_false t26 goto L9
  t27 := call input, 0
  aux := t27
  t28 := &vet
  t29 := t28 + i
  t30 := *t29
  arg t30
  call output, 1
  t31 := i + 1
  i := t31
  goto L8
L9:
  return _
--- END IR DUMP ---
IR dump has been saved to: docs/generated/intermediate/semantic/ir/generated_IR.txt
======= SYMBOL TABLE =======
Name            Scope      Kind   Decl Lines           Use Lines            Type  
--------------------------------------------------------------------------
aux             main#block5 VAR    38	47	INT
i               main#block5 VAR    37	39,40,41,42,42,45,46,48,49,49	INT
main            global     FUNC   35		VOID
t               sort#block3#block4 VAR    26	28,30	INT
k               sort#block3 VAR    23	27,28,29	INT
i               sort#block3 VAR    23	24,25,27,29,30,31,31	INT
high            sort       VAR    22	25,27	INT
low             sort       VAR    22	24	INT
a               sort       VAR    22	27,28,29,29,30	ARRAY(-1, INT)
sort            global     FUNC   22	44	VOID
k               minloc#block0 VAR    8	9,15,19	INT
x               minloc#block0 VAR    8	10,13,14	INT
i               minloc#block0 VAR    8	11,12,13,14,15,17,17	INT
high            minloc     VAR    7	12	INT
low             minloc     VAR    7	9,10,11	INT
a               minloc     VAR    7	10,13,14	ARRAY(-1, INT)
minloc          global     FUNC   7	27	INT
vet             global     VAR    5	41,44,48	ARRAY(2, INT)
output          global     FUNC   0	48	VOID
input           global     FUNC   0	41,47	INT
======= END OF TABLE =======
Symbol table has been saved to: docs/generated/frontend/symbol_table/symbol_table.txt
